[2025-10-03 12:21:12,106][__main__][INFO] - Using CPU
[2025-10-03 12:21:12,106][__main__][INFO] - Training Configuration:
[2025-10-03 12:21:12,109][__main__][INFO] - model:
  name: small
  conv_channels:
  - 32
  - 64
  - 128
  hidden_size: 256
  dropout: 0.1
  activation: relu
training:
  name: quick
  max_moves: 50
  game_timeout: 10.0
  games_per_episode: 5
  training_frequency: 2
  target_update_frequency: 20
  eval_frequency: 10
  eval_games: 3
  stockfish_depth: 1
  stockfish_time: 0.05
  log_frequency: 5
  checkpoint_frequency: 20
exploration:
  name: balanced
  strategy_type: linear
  epsilon_start: 1.0
  epsilon_end: 0.05
  epsilon_decay_steps: 1000000
  decay_type: linear
agent:
  name: small
  buffer_size: 1000
  min_buffer_size: 100
  batch_size: 32
  learning_rate: 0.0001
  gamma: 0.99
  tau: 0.005
  replay_type: standard
experiment:
  name: baseline_small
  description: Baseline CNN-DQN with small model for quick testing
  total_games: 2
seed: 42
device: auto
debug: false
verbose: true
paths:
  results_dir: results
  checkpoints_dir: checkpoints
  logs_dir: logs
  data_dir: data

[2025-10-03 12:21:12,109][__main__][INFO] - Initializing DQN Agent...
[2025-10-03 12:21:12,646][__main__][INFO] - Agent initialized with 2862593 parameters
[2025-10-03 12:21:12,646][__main__][INFO] - Initializing Self-Play Trainer...
[2025-10-03 12:21:12,650][__main__][INFO] - Using CPU
[2025-10-03 12:21:12,658][__main__][INFO] - Experiment configuration saved to /app/results/baseline_small_20251003_122112/experiment_config.yaml
[2025-10-03 12:21:12,659][__main__][INFO] - Starting training: Baseline CNN-DQN with small model for quick testing
[2025-10-03 12:21:12,659][__main__][INFO] - Total games: 2
[2025-10-03 12:21:12,659][__main__][INFO] - Results directory: /app/results/baseline_small_20251003_122112
[2025-10-03 12:21:12,659][src.training.self_play][INFO] - Starting training for 2 games
[2025-10-03 12:21:14,035][src.training.self_play][INFO] - Episode 1: Games 2/2, Avg Reward: 1.000, Win Rate: 0.000, Epsilon: 1.000
[2025-10-03 12:21:14,035][src.training.self_play][INFO] - Running final evaluation...
[2025-10-03 12:21:20,887][src.training.self_play][INFO] - Final Evaluation - Win: 0.000, Draw: 0.000, Loss: 1.000
[2025-10-03 12:21:20,894][__main__][INFO] - Training completed successfully!
[2025-10-03 12:21:20,895][__main__][INFO] - Running final evaluation...
[2025-10-03 12:22:15,974][__main__][INFO] - Final Results:
[2025-10-03 12:22:15,975][__main__][INFO] -   Win Rate: 6.0%
[2025-10-03 12:22:15,976][__main__][INFO] -   Draw Rate: 76.0%
[2025-10-03 12:22:15,976][__main__][INFO] -   Loss Rate: 18.0%
