[2025-10-03 14:39:15,115][__main__][INFO] - Using CPU
[2025-10-03 14:39:15,116][__main__][INFO] - Training Configuration:
[2025-10-03 14:39:15,118][__main__][INFO] - model:
  name: small
  conv_channels:
  - 32
  - 64
  - 128
  hidden_size: 256
  dropout: 0.1
  activation: relu
training:
  name: quick
  max_moves: 50
  game_timeout: 10.0
  games_per_episode: 5
  training_frequency: 2
  target_update_frequency: 20
  eval_frequency: 10
  eval_games: 3
  stockfish_depth: 1
  stockfish_time: 0.05
  log_frequency: 5
  checkpoint_frequency: 20
exploration:
  name: balanced
  strategy_type: linear
  epsilon_start: 1.0
  epsilon_end: 0.05
  epsilon_decay_steps: 1000000
  decay_type: linear
agent:
  name: small
  buffer_size: 1000
  min_buffer_size: 100
  batch_size: 32
  learning_rate: 0.0001
  gamma: 0.99
  tau: 0.005
  replay_type: standard
experiment:
  name: baseline_small
  description: Baseline CNN-DQN with small model for quick testing
  total_games: 100
seed: 42
device: auto
debug: false
verbose: true
paths:
  results_dir: results
  checkpoints_dir: checkpoints
  logs_dir: logs
  data_dir: data

[2025-10-03 14:39:15,118][__main__][INFO] - Initializing DQN Agent...
[2025-10-03 14:39:15,546][__main__][INFO] - Agent initialized with 2862593 parameters
[2025-10-03 14:39:15,546][__main__][INFO] - Initializing Self-Play Trainer...
[2025-10-03 14:39:15,548][__main__][INFO] - Using CPU
[2025-10-03 14:39:15,554][__main__][INFO] - Experiment configuration saved to /app/results/baseline_small_20251003_143915/experiment_config.yaml
[2025-10-03 14:39:15,555][__main__][INFO] - Using CPU
[2025-10-03 14:39:15,555][__main__][INFO] - Legacy experiment info saved to /app/results/baseline_small_20251003_143915/experiment_info.json
[2025-10-03 14:39:15,556][__main__][INFO] - Starting training: Baseline CNN-DQN with small model for quick testing
[2025-10-03 14:39:15,556][__main__][INFO] - Total games: 100
[2025-10-03 14:39:15,556][__main__][INFO] - Results directory: /app/results/baseline_small_20251003_143915
[2025-10-03 14:39:15,556][__main__][INFO] - 🚀 Starting training phase...
[2025-10-03 14:39:15,556][src.training.self_play][INFO] - Starting training for 100 games
[2025-10-03 14:39:17,408][src.training.self_play][INFO] - Game 5: timeout in 50 moves
[2025-10-03 14:39:17,410][src.training.self_play][INFO] - Episode 1: Games 5/100, Avg Reward: 3.420, Win Rate: 0.200, Epsilon: 1.000
[2025-10-03 14:39:18,934][src.training.self_play][INFO] - Game 10: timeout in 50 moves
[2025-10-03 14:39:18,935][src.training.self_play][INFO] - Running evaluation against Stockfish...
[2025-10-03 14:39:19,261][src.training.self_play][INFO] - Evaluation - Win: 0.000, Draw: 0.000, Loss: 1.000
[2025-10-03 14:39:19,261][src.training.self_play][INFO] - Episode 2: Games 10/100, Avg Reward: 2.500, Win Rate: 0.000, Epsilon: 1.000
[2025-10-03 14:39:20,877][src.training.self_play][INFO] - Game 15: timeout in 50 moves
[2025-10-03 14:39:20,878][src.training.self_play][INFO] - Episode 3: Games 15/100, Avg Reward: 2.500, Win Rate: 0.000, Epsilon: 1.000
[2025-10-03 14:39:22,572][src.training.self_play][INFO] - Game 20: timeout in 50 moves
[2025-10-03 14:39:22,572][src.training.self_play][INFO] - Running evaluation against Stockfish...
[2025-10-03 14:39:22,891][src.training.self_play][INFO] - Evaluation - Win: 0.000, Draw: 0.000, Loss: 1.000
[2025-10-03 14:39:22,970][src.training.self_play][INFO] - Checkpoint saved: /app/results/baseline_small_20251003_143915/checkpoints/checkpoint_game_20.pt
[2025-10-03 14:39:22,971][src.training.self_play][INFO] - Episode 4: Games 20/100, Avg Reward: 2.500, Win Rate: 0.000, Epsilon: 1.000
[2025-10-03 14:39:24,589][src.training.self_play][INFO] - Game 25: timeout in 50 moves
[2025-10-03 14:39:24,589][src.training.self_play][INFO] - Episode 5: Games 25/100, Avg Reward: 2.500, Win Rate: 0.000, Epsilon: 1.000
[2025-10-03 14:39:26,080][src.training.self_play][INFO] - Game 30: timeout in 50 moves
[2025-10-03 14:39:26,080][src.training.self_play][INFO] - Running evaluation against Stockfish...
[2025-10-03 14:39:26,292][src.training.self_play][INFO] - Evaluation - Win: 0.000, Draw: 0.000, Loss: 1.000
[2025-10-03 14:39:26,292][src.training.self_play][INFO] - Episode 6: Games 30/100, Avg Reward: 2.500, Win Rate: 0.000, Epsilon: 1.000
[2025-10-03 14:39:27,725][src.training.self_play][INFO] - Game 35: timeout in 50 moves
[2025-10-03 14:39:27,726][src.training.self_play][INFO] - Episode 7: Games 35/100, Avg Reward: 2.500, Win Rate: 0.000, Epsilon: 1.000
[2025-10-03 14:39:29,234][src.training.self_play][INFO] - Game 40: timeout in 50 moves
[2025-10-03 14:39:29,235][src.training.self_play][INFO] - Running evaluation against Stockfish...
[2025-10-03 14:39:29,388][src.training.self_play][INFO] - Evaluation - Win: 0.000, Draw: 0.000, Loss: 1.000
[2025-10-03 14:39:29,432][src.training.self_play][INFO] - Checkpoint saved: /app/results/baseline_small_20251003_143915/checkpoints/checkpoint_game_40.pt
[2025-10-03 14:39:29,432][src.training.self_play][INFO] - Episode 8: Games 40/100, Avg Reward: 2.500, Win Rate: 0.000, Epsilon: 1.000
[2025-10-03 14:39:31,010][src.training.self_play][INFO] - Game 45: timeout in 50 moves
[2025-10-03 14:39:31,011][src.training.self_play][INFO] - Episode 9: Games 45/100, Avg Reward: 2.500, Win Rate: 0.000, Epsilon: 1.000
[2025-10-03 14:39:32,704][src.training.self_play][INFO] - Game 50: timeout in 50 moves
[2025-10-03 14:39:32,704][src.training.self_play][INFO] - Running evaluation against Stockfish...
[2025-10-03 14:39:32,955][src.training.self_play][INFO] - Evaluation - Win: 0.000, Draw: 0.000, Loss: 1.000
[2025-10-03 14:39:32,956][src.training.self_play][INFO] - Episode 10: Games 50/100, Avg Reward: 2.500, Win Rate: 0.000, Epsilon: 1.000
[2025-10-03 14:39:34,376][src.training.self_play][INFO] - Game 55: timeout in 50 moves
[2025-10-03 14:39:34,376][src.training.self_play][INFO] - Episode 11: Games 55/100, Avg Reward: 2.500, Win Rate: 0.000, Epsilon: 1.000
[2025-10-03 14:39:35,827][src.training.self_play][INFO] - Game 60: timeout in 50 moves
[2025-10-03 14:39:35,828][src.training.self_play][INFO] - Running evaluation against Stockfish...
[2025-10-03 14:39:36,057][src.training.self_play][INFO] - Evaluation - Win: 0.000, Draw: 0.000, Loss: 1.000
[2025-10-03 14:39:36,104][src.training.self_play][INFO] - Checkpoint saved: /app/results/baseline_small_20251003_143915/checkpoints/checkpoint_game_60.pt
[2025-10-03 14:39:36,104][src.training.self_play][INFO] - Episode 12: Games 60/100, Avg Reward: 2.500, Win Rate: 0.000, Epsilon: 1.000
[2025-10-03 14:39:37,611][src.training.self_play][INFO] - Game 65: timeout in 50 moves
[2025-10-03 14:39:37,612][src.training.self_play][INFO] - Episode 13: Games 65/100, Avg Reward: 3.420, Win Rate: 0.200, Epsilon: 1.000
[2025-10-03 14:39:39,130][src.training.self_play][INFO] - Game 70: timeout in 50 moves
[2025-10-03 14:39:39,131][src.training.self_play][INFO] - Running evaluation against Stockfish...
[2025-10-03 14:39:39,377][src.training.self_play][INFO] - Evaluation - Win: 0.000, Draw: 0.000, Loss: 1.000
[2025-10-03 14:39:39,377][src.training.self_play][INFO] - Episode 14: Games 70/100, Avg Reward: 2.500, Win Rate: 0.000, Epsilon: 1.000
[2025-10-03 14:39:40,824][src.training.self_play][INFO] - Game 75: timeout in 50 moves
[2025-10-03 14:39:40,825][src.training.self_play][INFO] - Episode 15: Games 75/100, Avg Reward: 2.500, Win Rate: 0.000, Epsilon: 1.000
[2025-10-03 14:39:42,258][src.training.self_play][INFO] - Game 80: timeout in 50 moves
[2025-10-03 14:39:42,259][src.training.self_play][INFO] - Running evaluation against Stockfish...
[2025-10-03 14:39:42,426][src.training.self_play][INFO] - Evaluation - Win: 0.000, Draw: 0.000, Loss: 1.000
[2025-10-03 14:39:42,473][src.training.self_play][INFO] - Checkpoint saved: /app/results/baseline_small_20251003_143915/checkpoints/checkpoint_game_80.pt
[2025-10-03 14:39:42,474][src.training.self_play][INFO] - Episode 16: Games 80/100, Avg Reward: 2.500, Win Rate: 0.000, Epsilon: 1.000
[2025-10-03 14:39:43,974][src.training.self_play][INFO] - Game 85: timeout in 50 moves
[2025-10-03 14:39:43,975][src.training.self_play][INFO] - Episode 17: Games 85/100, Avg Reward: 2.500, Win Rate: 0.000, Epsilon: 1.000
[2025-10-03 14:39:45,546][src.training.self_play][INFO] - Game 90: timeout in 50 moves
[2025-10-03 14:39:45,547][src.training.self_play][INFO] - Running evaluation against Stockfish...
[2025-10-03 14:39:46,084][src.training.self_play][INFO] - Evaluation - Win: 0.000, Draw: 0.000, Loss: 1.000
[2025-10-03 14:39:46,084][src.training.self_play][INFO] - Episode 18: Games 90/100, Avg Reward: 2.500, Win Rate: 0.000, Epsilon: 1.000
[2025-10-03 14:39:47,431][src.training.self_play][INFO] - Game 95: timeout in 50 moves
[2025-10-03 14:39:47,431][src.training.self_play][INFO] - Episode 19: Games 95/100, Avg Reward: 2.500, Win Rate: 0.000, Epsilon: 1.000
[2025-10-03 14:39:48,854][src.training.self_play][INFO] - Game 100: timeout in 50 moves
[2025-10-03 14:39:48,855][src.training.self_play][INFO] - Running evaluation against Stockfish...
[2025-10-03 14:39:49,179][src.training.self_play][INFO] - Evaluation - Win: 0.000, Draw: 0.000, Loss: 1.000
[2025-10-03 14:39:49,222][src.training.self_play][INFO] - Checkpoint saved: /app/results/baseline_small_20251003_143915/checkpoints/checkpoint_game_100.pt
[2025-10-03 14:39:49,222][src.training.self_play][INFO] - Episode 20: Games 100/100, Avg Reward: 2.500, Win Rate: 0.000, Epsilon: 1.000
[2025-10-03 14:39:49,264][src.training.self_play][INFO] - Final model saved: /app/results/baseline_small_20251003_143915/final_model.pt
[2025-10-03 14:39:49,264][src.training.self_play][INFO] - Running final evaluation...
[2025-10-03 14:39:54,064][src.training.self_play][INFO] - 🎯 Running comprehensive ELO evaluation...
[2025-10-03 14:39:54,068][src.utils.elo_calculator][INFO] - 🎯 Starting Comprehensive ELO Evaluation
[2025-10-03 14:39:54,068][src.utils.elo_calculator][INFO] - Testing against 6 Stockfish configurations
[2025-10-03 14:39:54,068][src.utils.elo_calculator][INFO] - Games per configuration: 20
[2025-10-03 14:39:54,068][src.utils.elo_calculator][INFO] - Evaluating against Stockfish depth=1, 0.01s - Beginner level
[2025-10-03 14:39:54,068][src.utils.elo_calculator][INFO] - Playing 20 games...
[2025-10-03 14:39:54,759][src.utils.elo_calculator][INFO] -   Games 5/20: W0 D0 L5
[2025-10-03 14:39:55,624][src.utils.elo_calculator][INFO] -   Games 10/20: W0 D0 L10
[2025-10-03 14:39:56,337][src.utils.elo_calculator][INFO] -   Games 15/20: W0 D0 L15
[2025-10-03 14:39:57,261][src.utils.elo_calculator][INFO] -   Games 20/20: W0 D0 L20
[2025-10-03 14:39:57,262][src.utils.elo_calculator][INFO] - Final result vs beginner: W0 D0 L20 (Score: 0.000)
[2025-10-03 14:39:57,262][src.utils.elo_calculator][INFO] - ELO estimate vs beginner (400): 100
[2025-10-03 14:39:57,263][src.utils.elo_calculator][INFO] - Evaluating against Stockfish depth=1, 0.05s - Weak amateur
[2025-10-03 14:39:57,263][src.utils.elo_calculator][INFO] - Playing 20 games...
[2025-10-03 14:39:58,042][src.utils.elo_calculator][INFO] -   Games 5/20: W0 D0 L5
[2025-10-03 14:39:58,898][src.utils.elo_calculator][INFO] -   Games 10/20: W0 D0 L10
[2025-10-03 14:39:59,616][src.utils.elo_calculator][INFO] -   Games 15/20: W0 D0 L15
[2025-10-03 14:40:00,490][src.utils.elo_calculator][INFO] -   Games 20/20: W0 D0 L20
[2025-10-03 14:40:00,491][src.utils.elo_calculator][INFO] - Final result vs weak: W0 D0 L20 (Score: 0.000)
[2025-10-03 14:40:00,491][src.utils.elo_calculator][INFO] - ELO estimate vs weak (600): 100
[2025-10-03 14:40:00,492][src.utils.elo_calculator][INFO] - Evaluating against Stockfish depth=1, 0.1s - Amateur
[2025-10-03 14:40:00,492][src.utils.elo_calculator][INFO] - Playing 20 games...
[2025-10-03 14:40:01,542][src.utils.elo_calculator][INFO] -   Games 5/20: W0 D0 L5
[2025-10-03 14:40:02,837][src.utils.elo_calculator][INFO] -   Games 10/20: W0 D0 L10
[2025-10-03 14:40:04,070][src.utils.elo_calculator][INFO] -   Games 15/20: W0 D0 L15
[2025-10-03 14:40:05,165][src.utils.elo_calculator][INFO] -   Games 20/20: W0 D0 L20
[2025-10-03 14:40:05,166][src.utils.elo_calculator][INFO] - Final result vs amateur: W0 D0 L20 (Score: 0.000)
[2025-10-03 14:40:05,166][src.utils.elo_calculator][INFO] - ELO estimate vs amateur (800): 100
[2025-10-03 14:40:05,166][src.utils.elo_calculator][INFO] - Evaluating against Stockfish depth=1, 0.2s - Club player
[2025-10-03 14:40:05,166][src.utils.elo_calculator][INFO] - Playing 20 games...
[2025-10-03 14:40:06,061][src.utils.elo_calculator][INFO] -   Games 5/20: W0 D0 L5
[2025-10-03 14:40:07,548][src.utils.elo_calculator][INFO] -   Games 10/20: W0 D0 L10
[2025-10-03 14:40:08,128][src.utils.elo_calculator][INFO] -   Games 15/20: W0 D0 L15
[2025-10-03 14:40:08,908][src.utils.elo_calculator][INFO] -   Games 20/20: W0 D0 L20
[2025-10-03 14:40:08,908][src.utils.elo_calculator][INFO] - Final result vs club: W0 D0 L20 (Score: 0.000)
[2025-10-03 14:40:08,909][src.utils.elo_calculator][INFO] - ELO estimate vs club (1000): 200
[2025-10-03 14:40:08,909][src.utils.elo_calculator][INFO] - Evaluating against Stockfish depth=2, 0.1s - Intermediate
[2025-10-03 14:40:08,909][src.utils.elo_calculator][INFO] - Playing 20 games...
[2025-10-03 14:40:09,685][src.utils.elo_calculator][INFO] -   Games 5/20: W0 D0 L5
[2025-10-03 14:40:10,500][src.utils.elo_calculator][INFO] -   Games 10/20: W0 D0 L10
[2025-10-03 14:40:11,264][src.utils.elo_calculator][INFO] -   Games 15/20: W0 D0 L15
[2025-10-03 14:40:12,047][src.utils.elo_calculator][INFO] -   Games 20/20: W0 D0 L20
[2025-10-03 14:40:12,048][src.utils.elo_calculator][INFO] - Final result vs intermediate: W0 D0 L20 (Score: 0.000)
[2025-10-03 14:40:12,048][src.utils.elo_calculator][INFO] - ELO estimate vs intermediate (1200): 400
[2025-10-03 14:40:12,048][src.utils.elo_calculator][INFO] - Evaluating against Stockfish depth=2, 0.2s - Advanced
[2025-10-03 14:40:12,048][src.utils.elo_calculator][INFO] - Playing 20 games...
[2025-10-03 14:40:12,798][src.utils.elo_calculator][INFO] -   Games 5/20: W0 D0 L5
[2025-10-03 14:40:13,602][src.utils.elo_calculator][INFO] -   Games 10/20: W0 D0 L10
[2025-10-03 14:40:14,250][src.utils.elo_calculator][INFO] -   Games 15/20: W0 D0 L15
[2025-10-03 14:40:14,959][src.utils.elo_calculator][INFO] -   Games 20/20: W0 D0 L20
[2025-10-03 14:40:14,960][src.utils.elo_calculator][INFO] - Final result vs advanced: W0 D0 L20 (Score: 0.000)
[2025-10-03 14:40:14,960][src.utils.elo_calculator][INFO] - ELO estimate vs advanced (1400): 600
[2025-10-03 14:40:14,963][src.utils.elo_calculator][INFO] - 🎉 ELO Evaluation Complete!
[2025-10-03 14:40:14,963][src.utils.elo_calculator][INFO] - 📊 Estimated ELO: 250 (95% CI: -121-621)
[2025-10-03 14:40:14,964][src.utils.elo_calculator][INFO] - 📈 Overall Score: 0.000 (120 games)
[2025-10-03 14:40:14,966][src.utils.elo_calculator][INFO] - 💾 Evaluation results saved to /app/results/baseline_small_20251003_143915/elo_evaluation.json
[2025-10-03 14:40:14,966][src.training.self_play][INFO] - 🏆 Final ELO Rating: 250 (95% CI: -121-621)
[2025-10-03 14:40:14,966][src.training.self_play][INFO] - Final Evaluation - Win: 0.000, Draw: 0.000, Loss: 1.000
[2025-10-03 14:40:14,969][__main__][INFO] - ✅ Training phase completed!
[2025-10-03 14:40:14,969][__main__][INFO] - 💾 Starting file saving phase...
[2025-10-03 14:40:14,970][__main__][INFO] - ✅ Training history saved to: /app/results/baseline_small_20251003_143915/training_history.json
[2025-10-03 14:40:14,970][__main__][INFO] - ✅ Final model confirmed at: /app/results/baseline_small_20251003_143915/final_model.pt
[2025-10-03 14:40:14,970][__main__][INFO] - 🎯 Starting final evaluation phase...
[2025-10-03 14:40:55,969][__main__][INFO] - 🏆 Final Results:
[2025-10-03 14:40:55,971][__main__][INFO] -   Win Rate: 4.0%
[2025-10-03 14:40:55,971][__main__][INFO] -   Draw Rate: 90.0%
[2025-10-03 14:40:55,971][__main__][INFO] -   Loss Rate: 6.0%
[2025-10-03 14:40:55,971][__main__][INFO] - 🎮 Generating sample games...
[2025-10-03 14:40:55,986][src.utils.game_generator][INFO] - Generating 10 sample games...
[2025-10-03 14:40:55,986][src.utils.game_generator][INFO] - Playing game 1/10
[2025-10-03 14:40:56,225][src.utils.game_generator][INFO] - Playing game 2/10
[2025-10-03 14:40:56,427][src.utils.game_generator][INFO] - Playing game 3/10
[2025-10-03 14:40:56,663][src.utils.game_generator][INFO] - Playing game 4/10
[2025-10-03 14:40:56,888][src.utils.game_generator][INFO] - Playing game 5/10
[2025-10-03 14:40:57,061][src.utils.game_generator][INFO] - Playing game 6/10
[2025-10-03 14:40:57,292][src.utils.game_generator][INFO] - Playing game 7/10
[2025-10-03 14:40:57,513][src.utils.game_generator][INFO] - Playing game 8/10
[2025-10-03 14:40:57,687][src.utils.game_generator][INFO] - Playing game 9/10
[2025-10-03 14:40:57,855][src.utils.game_generator][INFO] - Playing game 10/10
[2025-10-03 14:40:58,099][src.utils.game_generator][ERROR] - Failed to save games summary: 'avg_agent_time'
[2025-10-03 14:40:58,099][src.utils.game_generator][INFO] - Generated 10 sample games successfully
[2025-10-03 14:40:58,099][__main__][INFO] - ✅ Generated 10 sample games in: /app/results/baseline_small_20251003_143915/sample_games
[2025-10-03 14:40:58,099][__main__][INFO] - 📊 Sample Games Summary:
[2025-10-03 14:40:58,099][__main__][INFO] -   Average moves per game: 50.0
[2025-10-03 14:40:58,100][__main__][INFO] -   1/2-1/2: 10 games
[2025-10-03 14:40:58,100][__main__][INFO] - 📈 Generating training plots...
[2025-10-03 14:40:59,482][__main__][INFO] - ✅ Training plots saved to: /app/results/baseline_small_20251003_143915/plots
[2025-10-03 14:40:59,483][__main__][INFO] - 🎉 All phases completed successfully!
