[2025-10-03 12:48:30,101][__main__][INFO] - Using device: cuda:0
[2025-10-03 12:48:30,101][__main__][INFO] - Training Configuration:
[2025-10-03 12:48:30,104][__main__][INFO] - model:
  name: large
  conv_channels:
  - 128
  - 256
  - 512
  hidden_size: 1024
  dropout: 0.1
  activation: relu
training:
  name: production
  max_moves: 200
  game_timeout: 60.0
  games_per_episode: 20
  training_frequency: 10
  target_update_frequency: 100
  eval_frequency: 100
  eval_games: 20
  stockfish_depth: 1
  stockfish_time: 0.2
  log_frequency: 20
  checkpoint_frequency: 200
exploration:
  name: conservative
  strategy_type: exponential
  epsilon_start: 0.8
  epsilon_end: 0.1
  epsilon_decay_steps: 2000000
  decay_type: exponential
agent:
  name: large
  buffer_size: 100000
  min_buffer_size: 10000
  batch_size: 256
  learning_rate: 5.0e-05
  gamma: 0.995
  tau: 0.001
  replay_type: prioritized
experiment:
  name: baseline_large
  description: Baseline CNN-DQN with large model for production
  total_games: 50
seed: 42
device: cuda:0
debug: false
verbose: true
paths:
  results_dir: results
  checkpoints_dir: checkpoints
  logs_dir: logs
  data_dir: data

[2025-10-03 12:48:30,105][__main__][INFO] - Initializing DQN Agent...
[2025-10-03 12:48:32,391][__main__][INFO] - Agent initialized with 38494529 parameters
[2025-10-03 12:48:32,391][__main__][INFO] - Initializing Self-Play Trainer...
[2025-10-03 12:48:32,392][__main__][INFO] - Using device: cuda:0
[2025-10-03 12:48:32,401][__main__][INFO] - Experiment configuration saved to /app/results/baseline_large_20251003_124830/experiment_config.yaml
[2025-10-03 12:48:32,401][__main__][INFO] - Starting training: Baseline CNN-DQN with large model for production
[2025-10-03 12:48:32,401][__main__][INFO] - Total games: 50
[2025-10-03 12:48:32,401][__main__][INFO] - Results directory: /app/results/baseline_large_20251003_124830
[2025-10-03 12:48:32,401][src.training.self_play][INFO] - Starting training for 50 games
[2025-10-03 12:48:39,454][src.training.self_play][INFO] - Game 20: timeout in 200 moves
[2025-10-03 12:48:39,456][src.training.self_play][INFO] - Episode 1: Games 20/50, Avg Reward: 38.850, Win Rate: 0.050, Epsilon: 0.800
[2025-10-03 12:48:45,972][src.training.self_play][INFO] - Game 40: timeout in 200 moves
[2025-10-03 12:48:45,972][src.training.self_play][INFO] - Episode 2: Games 40/50, Avg Reward: 34.950, Win Rate: 0.050, Epsilon: 0.800
[2025-10-03 12:48:49,374][src.training.self_play][INFO] - Episode 3: Games 50/50, Avg Reward: 20.580, Win Rate: 0.100, Epsilon: 0.800
[2025-10-03 12:48:49,374][src.training.self_play][INFO] - Running final evaluation...
[2025-10-03 12:48:54,681][src.training.self_play][INFO] - Final Evaluation - Win: 0.000, Draw: 0.000, Loss: 1.000
[2025-10-03 12:48:54,691][__main__][INFO] - Training completed successfully!
[2025-10-03 12:48:54,691][__main__][INFO] - Running final evaluation...
[2025-10-03 12:49:08,645][__main__][INFO] - Final Results:
[2025-10-03 12:49:08,645][__main__][INFO] -   Win Rate: 10.0%
[2025-10-03 12:49:08,645][__main__][INFO] -   Draw Rate: 88.0%
[2025-10-03 12:49:08,645][__main__][INFO] -   Loss Rate: 2.0%
