[2025-10-03 14:05:24,604][__main__][INFO] - Using CPU
[2025-10-03 14:05:24,605][__main__][INFO] - Training Configuration:
[2025-10-03 14:05:24,607][__main__][INFO] - model:
  name: small
  conv_channels:
  - 32
  - 64
  - 128
  hidden_size: 256
  dropout: 0.1
  activation: relu
training:
  name: quick
  max_moves: 50
  game_timeout: 10.0
  games_per_episode: 5
  training_frequency: 2
  target_update_frequency: 20
  eval_frequency: 10
  eval_games: 3
  stockfish_depth: 1
  stockfish_time: 0.05
  log_frequency: 5
  checkpoint_frequency: 20
exploration:
  name: balanced
  strategy_type: linear
  epsilon_start: 1.0
  epsilon_end: 0.05
  epsilon_decay_steps: 1000000
  decay_type: linear
agent:
  name: small
  buffer_size: 1000
  min_buffer_size: 100
  batch_size: 32
  learning_rate: 0.0001
  gamma: 0.99
  tau: 0.005
  replay_type: standard
experiment:
  name: baseline_small
  description: Baseline CNN-DQN with small model for quick testing
  total_games: 100
seed: 42
device: auto
debug: false
verbose: true
paths:
  results_dir: results
  checkpoints_dir: checkpoints
  logs_dir: logs
  data_dir: data

[2025-10-03 14:05:24,607][__main__][INFO] - Initializing DQN Agent...
[2025-10-03 14:05:25,474][__main__][INFO] - Agent initialized with 2862593 parameters
[2025-10-03 14:05:25,475][__main__][INFO] - Initializing Self-Play Trainer...
[2025-10-03 14:05:25,478][__main__][INFO] - Using CPU
[2025-10-03 14:05:25,485][__main__][INFO] - Experiment configuration saved to /app/results/baseline_small_20251003_140524/experiment_config.yaml
[2025-10-03 14:05:25,486][__main__][INFO] - Using CPU
[2025-10-03 14:05:25,487][__main__][INFO] - Legacy experiment info saved to /app/results/baseline_small_20251003_140524/experiment_info.json
[2025-10-03 14:05:25,487][__main__][INFO] - Starting training: Baseline CNN-DQN with small model for quick testing
[2025-10-03 14:05:25,487][__main__][INFO] - Total games: 100
[2025-10-03 14:05:25,487][__main__][INFO] - Results directory: /app/results/baseline_small_20251003_140524
[2025-10-03 14:05:25,487][__main__][INFO] - 🚀 Starting training phase...
[2025-10-03 14:05:25,487][src.training.self_play][INFO] - Starting training for 100 games
[2025-10-03 14:05:27,456][src.training.self_play][INFO] - Game 5: timeout in 50 moves
[2025-10-03 14:05:27,459][src.training.self_play][INFO] - Episode 1: Games 5/100, Avg Reward: 3.420, Win Rate: 0.200, Epsilon: 1.000
[2025-10-03 14:05:29,127][src.training.self_play][INFO] - Game 10: timeout in 50 moves
[2025-10-03 14:05:29,127][src.training.self_play][INFO] - Running evaluation against Stockfish...
[2025-10-03 14:05:29,450][src.training.self_play][INFO] - Evaluation - Win: 0.000, Draw: 0.000, Loss: 1.000
[2025-10-03 14:05:29,450][src.training.self_play][INFO] - Episode 2: Games 10/100, Avg Reward: 2.500, Win Rate: 0.000, Epsilon: 1.000
[2025-10-03 14:05:30,906][src.training.self_play][INFO] - Game 15: timeout in 50 moves
[2025-10-03 14:05:30,906][src.training.self_play][INFO] - Episode 3: Games 15/100, Avg Reward: 2.500, Win Rate: 0.000, Epsilon: 1.000
[2025-10-03 14:05:32,382][src.training.self_play][INFO] - Game 20: timeout in 50 moves
[2025-10-03 14:05:32,383][src.training.self_play][INFO] - Running evaluation against Stockfish...
[2025-10-03 14:05:32,623][src.training.self_play][INFO] - Evaluation - Win: 0.000, Draw: 0.000, Loss: 1.000
[2025-10-03 14:05:32,680][src.training.self_play][INFO] - Checkpoint saved: /app/results/baseline_small_20251003_140524/checkpoints/checkpoint_game_20.pt
[2025-10-03 14:05:32,680][src.training.self_play][INFO] - Episode 4: Games 20/100, Avg Reward: 2.500, Win Rate: 0.000, Epsilon: 1.000
[2025-10-03 14:05:34,123][src.training.self_play][INFO] - Game 25: timeout in 50 moves
[2025-10-03 14:05:34,124][src.training.self_play][INFO] - Episode 5: Games 25/100, Avg Reward: 2.500, Win Rate: 0.000, Epsilon: 1.000
[2025-10-03 14:05:35,582][src.training.self_play][INFO] - Game 30: timeout in 50 moves
[2025-10-03 14:05:35,582][src.training.self_play][INFO] - Running evaluation against Stockfish...
[2025-10-03 14:05:35,787][src.training.self_play][INFO] - Evaluation - Win: 0.000, Draw: 0.000, Loss: 1.000
[2025-10-03 14:05:35,787][src.training.self_play][INFO] - Episode 6: Games 30/100, Avg Reward: 2.500, Win Rate: 0.000, Epsilon: 1.000
[2025-10-03 14:05:37,272][src.training.self_play][INFO] - Game 35: timeout in 50 moves
[2025-10-03 14:05:37,273][src.training.self_play][INFO] - Episode 7: Games 35/100, Avg Reward: 2.500, Win Rate: 0.000, Epsilon: 1.000
[2025-10-03 14:05:38,782][src.training.self_play][INFO] - Game 40: timeout in 50 moves
[2025-10-03 14:05:38,782][src.training.self_play][INFO] - Running evaluation against Stockfish...
[2025-10-03 14:05:38,934][src.training.self_play][INFO] - Evaluation - Win: 0.000, Draw: 0.000, Loss: 1.000
[2025-10-03 14:05:38,984][src.training.self_play][INFO] - Checkpoint saved: /app/results/baseline_small_20251003_140524/checkpoints/checkpoint_game_40.pt
[2025-10-03 14:05:38,984][src.training.self_play][INFO] - Episode 8: Games 40/100, Avg Reward: 2.500, Win Rate: 0.000, Epsilon: 1.000
[2025-10-03 14:05:40,502][src.training.self_play][INFO] - Game 45: timeout in 50 moves
[2025-10-03 14:05:40,503][src.training.self_play][INFO] - Episode 9: Games 45/100, Avg Reward: 2.500, Win Rate: 0.000, Epsilon: 1.000
[2025-10-03 14:05:42,068][src.training.self_play][INFO] - Game 50: timeout in 50 moves
[2025-10-03 14:05:42,068][src.training.self_play][INFO] - Running evaluation against Stockfish...
[2025-10-03 14:05:42,340][src.training.self_play][INFO] - Evaluation - Win: 0.000, Draw: 0.000, Loss: 1.000
[2025-10-03 14:05:42,340][src.training.self_play][INFO] - Episode 10: Games 50/100, Avg Reward: 2.500, Win Rate: 0.000, Epsilon: 1.000
[2025-10-03 14:05:43,805][src.training.self_play][INFO] - Game 55: timeout in 50 moves
[2025-10-03 14:05:43,806][src.training.self_play][INFO] - Episode 11: Games 55/100, Avg Reward: 2.500, Win Rate: 0.000, Epsilon: 1.000
[2025-10-03 14:05:45,606][src.training.self_play][INFO] - Game 60: timeout in 50 moves
[2025-10-03 14:05:45,607][src.training.self_play][INFO] - Running evaluation against Stockfish...
[2025-10-03 14:05:45,841][src.training.self_play][INFO] - Evaluation - Win: 0.000, Draw: 0.000, Loss: 1.000
[2025-10-03 14:05:45,892][src.training.self_play][INFO] - Checkpoint saved: /app/results/baseline_small_20251003_140524/checkpoints/checkpoint_game_60.pt
[2025-10-03 14:05:45,892][src.training.self_play][INFO] - Episode 12: Games 60/100, Avg Reward: 2.500, Win Rate: 0.000, Epsilon: 1.000
[2025-10-03 14:05:47,514][src.training.self_play][INFO] - Game 65: timeout in 50 moves
[2025-10-03 14:05:47,514][src.training.self_play][INFO] - Episode 13: Games 65/100, Avg Reward: 3.420, Win Rate: 0.200, Epsilon: 1.000
[2025-10-03 14:05:49,179][src.training.self_play][INFO] - Game 70: timeout in 50 moves
[2025-10-03 14:05:49,179][src.training.self_play][INFO] - Running evaluation against Stockfish...
[2025-10-03 14:05:49,405][src.training.self_play][INFO] - Evaluation - Win: 0.000, Draw: 0.000, Loss: 1.000
[2025-10-03 14:05:49,405][src.training.self_play][INFO] - Episode 14: Games 70/100, Avg Reward: 2.500, Win Rate: 0.000, Epsilon: 1.000
[2025-10-03 14:05:50,745][src.training.self_play][INFO] - Game 75: timeout in 50 moves
[2025-10-03 14:05:50,746][src.training.self_play][INFO] - Episode 15: Games 75/100, Avg Reward: 2.500, Win Rate: 0.000, Epsilon: 1.000
[2025-10-03 14:05:52,018][src.training.self_play][INFO] - Game 80: timeout in 50 moves
[2025-10-03 14:05:52,018][src.training.self_play][INFO] - Running evaluation against Stockfish...
[2025-10-03 14:05:52,190][src.training.self_play][INFO] - Evaluation - Win: 0.000, Draw: 0.000, Loss: 1.000
[2025-10-03 14:05:52,237][src.training.self_play][INFO] - Checkpoint saved: /app/results/baseline_small_20251003_140524/checkpoints/checkpoint_game_80.pt
[2025-10-03 14:05:52,237][src.training.self_play][INFO] - Episode 16: Games 80/100, Avg Reward: 2.500, Win Rate: 0.000, Epsilon: 1.000
[2025-10-03 14:05:53,738][src.training.self_play][INFO] - Game 85: timeout in 50 moves
[2025-10-03 14:05:53,739][src.training.self_play][INFO] - Episode 17: Games 85/100, Avg Reward: 2.500, Win Rate: 0.000, Epsilon: 1.000
[2025-10-03 14:05:55,431][src.training.self_play][INFO] - Game 90: timeout in 50 moves
[2025-10-03 14:05:55,432][src.training.self_play][INFO] - Running evaluation against Stockfish...
[2025-10-03 14:05:56,043][src.training.self_play][INFO] - Evaluation - Win: 0.000, Draw: 0.000, Loss: 1.000
[2025-10-03 14:05:56,043][src.training.self_play][INFO] - Episode 18: Games 90/100, Avg Reward: 2.500, Win Rate: 0.000, Epsilon: 1.000
[2025-10-03 14:05:57,312][src.training.self_play][INFO] - Game 95: timeout in 50 moves
[2025-10-03 14:05:57,312][src.training.self_play][INFO] - Episode 19: Games 95/100, Avg Reward: 2.500, Win Rate: 0.000, Epsilon: 1.000
[2025-10-03 14:05:58,731][src.training.self_play][INFO] - Game 100: timeout in 50 moves
[2025-10-03 14:05:58,732][src.training.self_play][INFO] - Running evaluation against Stockfish...
[2025-10-03 14:05:59,095][src.training.self_play][INFO] - Evaluation - Win: 0.000, Draw: 0.000, Loss: 1.000
[2025-10-03 14:05:59,141][src.training.self_play][INFO] - Checkpoint saved: /app/results/baseline_small_20251003_140524/checkpoints/checkpoint_game_100.pt
[2025-10-03 14:05:59,142][src.training.self_play][INFO] - Episode 20: Games 100/100, Avg Reward: 2.500, Win Rate: 0.000, Epsilon: 1.000
[2025-10-03 14:05:59,185][src.training.self_play][INFO] - Final model saved: /app/results/baseline_small_20251003_140524/final_model.pt
[2025-10-03 14:05:59,185][src.training.self_play][INFO] - Running final evaluation...
[2025-10-03 14:06:03,533][src.training.self_play][INFO] - 🎯 Running comprehensive ELO evaluation...
[2025-10-03 14:06:03,533][src.utils.elo_calculator][INFO] - 🎯 Starting Comprehensive ELO Evaluation
[2025-10-03 14:06:03,533][src.utils.elo_calculator][INFO] - Testing against 6 Stockfish configurations
[2025-10-03 14:06:03,533][src.utils.elo_calculator][INFO] - Games per configuration: 20
[2025-10-03 14:06:03,534][src.utils.elo_calculator][INFO] - Evaluating against Stockfish depth=1, 0.01s - Beginner level
[2025-10-03 14:06:03,534][src.utils.elo_calculator][INFO] - Playing 20 games...
[2025-10-03 14:06:04,255][src.utils.elo_calculator][INFO] -   Games 5/20: W0 D0 L5
[2025-10-03 14:06:04,866][src.utils.elo_calculator][INFO] -   Games 10/20: W0 D0 L10
[2025-10-03 14:06:05,609][src.utils.elo_calculator][INFO] -   Games 15/20: W0 D0 L15
[2025-10-03 14:06:06,500][src.utils.elo_calculator][INFO] -   Games 20/20: W0 D0 L20
[2025-10-03 14:06:06,501][src.utils.elo_calculator][INFO] - Final result vs beginner: W0 D0 L20 (Score: 0.000)
[2025-10-03 14:06:06,501][src.utils.elo_calculator][INFO] - ELO estimate vs beginner (400): 100
[2025-10-03 14:06:06,501][src.utils.elo_calculator][INFO] - Evaluating against Stockfish depth=1, 0.05s - Weak amateur
[2025-10-03 14:06:06,502][src.utils.elo_calculator][INFO] - Playing 20 games...
[2025-10-03 14:06:07,354][src.utils.elo_calculator][INFO] -   Games 5/20: W0 D0 L5
[2025-10-03 14:06:07,925][src.utils.elo_calculator][INFO] -   Games 10/20: W0 D0 L10
[2025-10-03 14:06:08,585][src.utils.elo_calculator][INFO] -   Games 15/20: W0 D0 L15
[2025-10-03 14:06:09,388][src.utils.elo_calculator][INFO] -   Games 20/20: W0 D0 L20
[2025-10-03 14:06:09,389][src.utils.elo_calculator][INFO] - Final result vs weak: W0 D0 L20 (Score: 0.000)
[2025-10-03 14:06:09,389][src.utils.elo_calculator][INFO] - ELO estimate vs weak (600): 100
[2025-10-03 14:06:09,389][src.utils.elo_calculator][INFO] - Evaluating against Stockfish depth=1, 0.1s - Amateur
[2025-10-03 14:06:09,389][src.utils.elo_calculator][INFO] - Playing 20 games...
[2025-10-03 14:06:10,090][src.utils.elo_calculator][INFO] -   Games 5/20: W0 D0 L5
[2025-10-03 14:06:10,768][src.utils.elo_calculator][INFO] -   Games 10/20: W0 D0 L10
[2025-10-03 14:06:11,538][src.utils.elo_calculator][INFO] -   Games 15/20: W0 D0 L15
[2025-10-03 14:06:12,273][src.utils.elo_calculator][INFO] -   Games 20/20: W0 D0 L20
[2025-10-03 14:06:12,273][src.utils.elo_calculator][INFO] - Final result vs amateur: W0 D0 L20 (Score: 0.000)
[2025-10-03 14:06:12,274][src.utils.elo_calculator][INFO] - ELO estimate vs amateur (800): 100
[2025-10-03 14:06:12,274][src.utils.elo_calculator][INFO] - Evaluating against Stockfish depth=1, 0.2s - Club player
[2025-10-03 14:06:12,274][src.utils.elo_calculator][INFO] - Playing 20 games...
[2025-10-03 14:06:12,902][src.utils.elo_calculator][INFO] -   Games 5/20: W0 D0 L5
[2025-10-03 14:06:13,716][src.utils.elo_calculator][INFO] -   Games 10/20: W0 D0 L10
[2025-10-03 14:06:14,198][src.utils.elo_calculator][INFO] -   Games 15/20: W0 D0 L15
[2025-10-03 14:06:14,829][src.utils.elo_calculator][INFO] -   Games 20/20: W0 D0 L20
[2025-10-03 14:06:14,830][src.utils.elo_calculator][INFO] - Final result vs club: W0 D0 L20 (Score: 0.000)
[2025-10-03 14:06:14,830][src.utils.elo_calculator][INFO] - ELO estimate vs club (1000): 200
[2025-10-03 14:06:14,830][src.utils.elo_calculator][INFO] - Evaluating against Stockfish depth=2, 0.1s - Intermediate
[2025-10-03 14:06:14,830][src.utils.elo_calculator][INFO] - Playing 20 games...
[2025-10-03 14:06:15,469][src.utils.elo_calculator][INFO] -   Games 5/20: W0 D0 L5
[2025-10-03 14:06:16,180][src.utils.elo_calculator][INFO] -   Games 10/20: W0 D0 L10
[2025-10-03 14:06:16,720][src.utils.elo_calculator][INFO] -   Games 15/20: W0 D0 L15
[2025-10-03 14:06:17,230][src.utils.elo_calculator][INFO] -   Games 20/20: W0 D0 L20
[2025-10-03 14:06:17,231][src.utils.elo_calculator][INFO] - Final result vs intermediate: W0 D0 L20 (Score: 0.000)
[2025-10-03 14:06:17,232][src.utils.elo_calculator][INFO] - ELO estimate vs intermediate (1200): 400
[2025-10-03 14:06:17,232][src.utils.elo_calculator][INFO] - Evaluating against Stockfish depth=2, 0.2s - Advanced
[2025-10-03 14:06:17,232][src.utils.elo_calculator][INFO] - Playing 20 games...
[2025-10-03 14:06:17,797][src.utils.elo_calculator][INFO] -   Games 5/20: W0 D0 L5
[2025-10-03 14:06:18,492][src.utils.elo_calculator][INFO] -   Games 10/20: W0 D0 L10
[2025-10-03 14:06:19,135][src.utils.elo_calculator][INFO] -   Games 15/20: W0 D0 L15
[2025-10-03 14:06:19,769][src.utils.elo_calculator][INFO] -   Games 20/20: W0 D0 L20
[2025-10-03 14:06:19,770][src.utils.elo_calculator][INFO] - Final result vs advanced: W0 D0 L20 (Score: 0.000)
[2025-10-03 14:06:19,770][src.utils.elo_calculator][INFO] - ELO estimate vs advanced (1400): 600
[2025-10-03 14:06:19,773][src.utils.elo_calculator][INFO] - 🎉 ELO Evaluation Complete!
[2025-10-03 14:06:19,773][src.utils.elo_calculator][INFO] - 📊 Estimated ELO: 250 (95% CI: -121-621)
[2025-10-03 14:06:19,773][src.utils.elo_calculator][INFO] - 📈 Overall Score: 0.000 (120 games)
[2025-10-03 14:06:19,775][src.utils.elo_calculator][INFO] - 💾 Evaluation results saved to /app/results/baseline_small_20251003_140524/elo_evaluation.json
[2025-10-03 14:06:19,775][src.training.self_play][INFO] - 🏆 Final ELO Rating: 250 (95% CI: -121-621)
[2025-10-03 14:06:19,775][src.training.self_play][INFO] - Final Evaluation - Win: 0.000, Draw: 0.000, Loss: 1.000
[2025-10-03 14:06:19,778][__main__][INFO] - ✅ Training phase completed!
[2025-10-03 14:06:19,778][__main__][INFO] - 💾 Starting file saving phase...
[2025-10-03 14:06:19,779][__main__][INFO] - ✅ Training history saved to: /app/results/baseline_small_20251003_140524/training_history.json
[2025-10-03 14:06:19,779][__main__][INFO] - ✅ Final model confirmed at: /app/results/baseline_small_20251003_140524/final_model.pt
[2025-10-03 14:06:19,779][__main__][INFO] - 🎯 Starting final evaluation phase...
[2025-10-03 14:07:02,993][__main__][INFO] - 🏆 Final Results:
[2025-10-03 14:07:02,993][__main__][INFO] -   Win Rate: 4.0%
[2025-10-03 14:07:02,993][__main__][INFO] -   Draw Rate: 82.0%
[2025-10-03 14:07:02,994][__main__][INFO] -   Loss Rate: 14.0%
[2025-10-03 14:07:02,994][__main__][INFO] - 🎮 Generating sample games...
[2025-10-03 14:07:03,015][src.utils.game_generator][INFO] - Generating 10 sample games...
[2025-10-03 14:07:03,015][src.utils.game_generator][INFO] - Playing game 1/10
[2025-10-03 14:07:03,160][src.utils.game_generator][INFO] - Playing game 2/10
[2025-10-03 14:07:03,299][src.utils.game_generator][INFO] - Playing game 3/10
[2025-10-03 14:07:03,435][src.utils.game_generator][INFO] - Playing game 4/10
[2025-10-03 14:07:03,641][src.utils.game_generator][INFO] - Playing game 5/10
[2025-10-03 14:07:03,823][src.utils.game_generator][INFO] - Playing game 6/10
[2025-10-03 14:07:03,916][src.utils.game_generator][INFO] - Playing game 7/10
[2025-10-03 14:07:04,037][src.utils.game_generator][INFO] - Playing game 8/10
[2025-10-03 14:07:04,173][src.utils.game_generator][INFO] - Playing game 9/10
[2025-10-03 14:07:04,331][src.utils.game_generator][INFO] - Playing game 10/10
[2025-10-03 14:07:04,500][src.utils.game_generator][INFO] - Games summary saved to: /app/results/baseline_small_20251003_140524/sample_games/games_summary.json
[2025-10-03 14:07:04,500][src.utils.game_generator][INFO] - Generated 10 sample games successfully
[2025-10-03 14:07:04,500][__main__][INFO] - ✅ Generated 10 sample games in: /app/results/baseline_small_20251003_140524/sample_games
[2025-10-03 14:07:04,500][__main__][INFO] - 📊 Sample Games Summary:
[2025-10-03 14:07:04,500][__main__][INFO] -   Average moves per game: 33.3
[2025-10-03 14:07:04,500][__main__][INFO] -   0-1: 5 games
[2025-10-03 14:07:04,500][__main__][INFO] -   1-0: 5 games
[2025-10-03 14:07:04,500][__main__][INFO] - 🎉 All phases completed successfully!
