[2025-10-03 13:42:55,236][__main__][INFO] - Using CPU
[2025-10-03 13:42:55,236][__main__][INFO] - Training Configuration:
[2025-10-03 13:42:55,238][__main__][INFO] - model:
  name: small
  conv_channels:
  - 32
  - 64
  - 128
  hidden_size: 256
  dropout: 0.1
  activation: relu
training:
  name: quick
  max_moves: 50
  game_timeout: 10.0
  games_per_episode: 5
  training_frequency: 2
  target_update_frequency: 20
  eval_frequency: 10
  eval_games: 3
  stockfish_depth: 1
  stockfish_time: 0.05
  log_frequency: 5
  checkpoint_frequency: 20
exploration:
  name: balanced
  strategy_type: linear
  epsilon_start: 1.0
  epsilon_end: 0.05
  epsilon_decay_steps: 1000000
  decay_type: linear
agent:
  name: small
  buffer_size: 1000
  min_buffer_size: 100
  batch_size: 32
  learning_rate: 0.0001
  gamma: 0.99
  tau: 0.005
  replay_type: standard
experiment:
  name: baseline_small
  description: Baseline CNN-DQN with small model for quick testing
  total_games: 100
seed: 42
device: auto
debug: false
verbose: true
paths:
  results_dir: results
  checkpoints_dir: checkpoints
  logs_dir: logs
  data_dir: data

[2025-10-03 13:42:55,239][__main__][INFO] - Initializing DQN Agent...
[2025-10-03 13:42:55,787][__main__][INFO] - Agent initialized with 2862593 parameters
[2025-10-03 13:42:55,788][__main__][INFO] - Initializing Self-Play Trainer...
[2025-10-03 13:42:55,790][__main__][INFO] - Using CPU
[2025-10-03 13:42:55,795][__main__][INFO] - Experiment configuration saved to /app/results/baseline_small_20251003_134255/experiment_config.yaml
[2025-10-03 13:42:55,796][__main__][INFO] - Using CPU
[2025-10-03 13:42:55,797][__main__][INFO] - Legacy experiment info saved to /app/results/baseline_small_20251003_134255/experiment_info.json
[2025-10-03 13:42:55,797][__main__][INFO] - Starting training: Baseline CNN-DQN with small model for quick testing
[2025-10-03 13:42:55,797][__main__][INFO] - Total games: 100
[2025-10-03 13:42:55,797][__main__][INFO] - Results directory: /app/results/baseline_small_20251003_134255
[2025-10-03 13:42:55,797][src.training.self_play][INFO] - Starting training for 100 games
[2025-10-03 13:42:57,603][src.training.self_play][INFO] - Game 5: timeout in 50 moves
[2025-10-03 13:42:57,606][src.training.self_play][INFO] - Episode 1: Games 5/100, Avg Reward: 3.420, Win Rate: 0.200, Epsilon: 1.000
[2025-10-03 13:42:59,165][src.training.self_play][INFO] - Game 10: timeout in 50 moves
[2025-10-03 13:42:59,165][src.training.self_play][INFO] - Running evaluation against Stockfish...
[2025-10-03 13:42:59,460][src.training.self_play][INFO] - Evaluation - Win: 0.000, Draw: 0.000, Loss: 1.000
[2025-10-03 13:42:59,460][src.training.self_play][INFO] - Episode 2: Games 10/100, Avg Reward: 2.500, Win Rate: 0.000, Epsilon: 1.000
[2025-10-03 13:43:00,924][src.training.self_play][INFO] - Game 15: timeout in 50 moves
[2025-10-03 13:43:00,924][src.training.self_play][INFO] - Episode 3: Games 15/100, Avg Reward: 2.500, Win Rate: 0.000, Epsilon: 1.000
[2025-10-03 13:43:02,401][src.training.self_play][INFO] - Game 20: timeout in 50 moves
[2025-10-03 13:43:02,402][src.training.self_play][INFO] - Running evaluation against Stockfish...
[2025-10-03 13:43:02,644][src.training.self_play][INFO] - Evaluation - Win: 0.000, Draw: 0.000, Loss: 1.000
[2025-10-03 13:43:02,698][src.training.self_play][INFO] - Checkpoint saved: /app/results/baseline_small_20251003_134255/checkpoints/checkpoint_game_20.pt
[2025-10-03 13:43:02,698][src.training.self_play][INFO] - Episode 4: Games 20/100, Avg Reward: 2.500, Win Rate: 0.000, Epsilon: 1.000
[2025-10-03 13:43:04,244][src.training.self_play][INFO] - Game 25: timeout in 50 moves
[2025-10-03 13:43:04,244][src.training.self_play][INFO] - Episode 5: Games 25/100, Avg Reward: 2.500, Win Rate: 0.000, Epsilon: 1.000
[2025-10-03 13:43:05,701][src.training.self_play][INFO] - Game 30: timeout in 50 moves
[2025-10-03 13:43:05,702][src.training.self_play][INFO] - Running evaluation against Stockfish...
[2025-10-03 13:43:05,917][src.training.self_play][INFO] - Evaluation - Win: 0.000, Draw: 0.000, Loss: 1.000
[2025-10-03 13:43:05,918][src.training.self_play][INFO] - Episode 6: Games 30/100, Avg Reward: 2.500, Win Rate: 0.000, Epsilon: 1.000
[2025-10-03 13:43:07,238][src.training.self_play][INFO] - Game 35: timeout in 50 moves
[2025-10-03 13:43:07,239][src.training.self_play][INFO] - Episode 7: Games 35/100, Avg Reward: 2.500, Win Rate: 0.000, Epsilon: 1.000
[2025-10-03 13:43:08,801][src.training.self_play][INFO] - Game 40: timeout in 50 moves
[2025-10-03 13:43:08,802][src.training.self_play][INFO] - Running evaluation against Stockfish...
[2025-10-03 13:43:08,966][src.training.self_play][INFO] - Evaluation - Win: 0.000, Draw: 0.000, Loss: 1.000
[2025-10-03 13:43:09,028][src.training.self_play][INFO] - Checkpoint saved: /app/results/baseline_small_20251003_134255/checkpoints/checkpoint_game_40.pt
[2025-10-03 13:43:09,029][src.training.self_play][INFO] - Episode 8: Games 40/100, Avg Reward: 2.500, Win Rate: 0.000, Epsilon: 1.000
[2025-10-03 13:43:10,657][src.training.self_play][INFO] - Game 45: timeout in 50 moves
[2025-10-03 13:43:10,658][src.training.self_play][INFO] - Episode 9: Games 45/100, Avg Reward: 2.500, Win Rate: 0.000, Epsilon: 1.000
[2025-10-03 13:43:12,141][src.training.self_play][INFO] - Game 50: timeout in 50 moves
[2025-10-03 13:43:12,142][src.training.self_play][INFO] - Running evaluation against Stockfish...
[2025-10-03 13:43:12,397][src.training.self_play][INFO] - Evaluation - Win: 0.000, Draw: 0.000, Loss: 1.000
[2025-10-03 13:43:12,397][src.training.self_play][INFO] - Episode 10: Games 50/100, Avg Reward: 2.500, Win Rate: 0.000, Epsilon: 1.000
[2025-10-03 13:43:13,953][src.training.self_play][INFO] - Game 55: timeout in 50 moves
[2025-10-03 13:43:13,954][src.training.self_play][INFO] - Episode 11: Games 55/100, Avg Reward: 2.500, Win Rate: 0.000, Epsilon: 1.000
[2025-10-03 13:43:15,636][src.training.self_play][INFO] - Game 60: timeout in 50 moves
[2025-10-03 13:43:15,636][src.training.self_play][INFO] - Running evaluation against Stockfish...
[2025-10-03 13:43:15,918][src.training.self_play][INFO] - Evaluation - Win: 0.000, Draw: 0.000, Loss: 1.000
[2025-10-03 13:43:15,969][src.training.self_play][INFO] - Checkpoint saved: /app/results/baseline_small_20251003_134255/checkpoints/checkpoint_game_60.pt
[2025-10-03 13:43:15,969][src.training.self_play][INFO] - Episode 12: Games 60/100, Avg Reward: 2.500, Win Rate: 0.000, Epsilon: 1.000
[2025-10-03 13:43:17,702][src.training.self_play][INFO] - Game 65: timeout in 50 moves
[2025-10-03 13:43:17,702][src.training.self_play][INFO] - Episode 13: Games 65/100, Avg Reward: 3.420, Win Rate: 0.200, Epsilon: 1.000
[2025-10-03 13:43:19,168][src.training.self_play][INFO] - Game 70: timeout in 50 moves
[2025-10-03 13:43:19,169][src.training.self_play][INFO] - Running evaluation against Stockfish...
[2025-10-03 13:43:19,466][src.training.self_play][INFO] - Evaluation - Win: 0.000, Draw: 0.000, Loss: 1.000
[2025-10-03 13:43:19,466][src.training.self_play][INFO] - Episode 14: Games 70/100, Avg Reward: 2.500, Win Rate: 0.000, Epsilon: 1.000
[2025-10-03 13:43:20,962][src.training.self_play][INFO] - Game 75: timeout in 50 moves
[2025-10-03 13:43:20,962][src.training.self_play][INFO] - Episode 15: Games 75/100, Avg Reward: 2.500, Win Rate: 0.000, Epsilon: 1.000
[2025-10-03 13:43:22,824][src.training.self_play][INFO] - Game 80: timeout in 50 moves
[2025-10-03 13:43:22,824][src.training.self_play][INFO] - Running evaluation against Stockfish...
[2025-10-03 13:43:22,991][src.training.self_play][INFO] - Evaluation - Win: 0.000, Draw: 0.000, Loss: 1.000
[2025-10-03 13:43:23,042][src.training.self_play][INFO] - Checkpoint saved: /app/results/baseline_small_20251003_134255/checkpoints/checkpoint_game_80.pt
[2025-10-03 13:43:23,042][src.training.self_play][INFO] - Episode 16: Games 80/100, Avg Reward: 2.500, Win Rate: 0.000, Epsilon: 1.000
[2025-10-03 13:43:24,559][src.training.self_play][INFO] - Game 85: timeout in 50 moves
[2025-10-03 13:43:24,559][src.training.self_play][INFO] - Episode 17: Games 85/100, Avg Reward: 2.500, Win Rate: 0.000, Epsilon: 1.000
[2025-10-03 13:43:26,245][src.training.self_play][INFO] - Game 90: timeout in 50 moves
[2025-10-03 13:43:26,246][src.training.self_play][INFO] - Running evaluation against Stockfish...
[2025-10-03 13:43:26,775][src.training.self_play][INFO] - Evaluation - Win: 0.000, Draw: 0.000, Loss: 1.000
[2025-10-03 13:43:26,775][src.training.self_play][INFO] - Episode 18: Games 90/100, Avg Reward: 2.500, Win Rate: 0.000, Epsilon: 1.000
[2025-10-03 13:43:28,352][src.training.self_play][INFO] - Game 95: timeout in 50 moves
[2025-10-03 13:43:28,353][src.training.self_play][INFO] - Episode 19: Games 95/100, Avg Reward: 2.500, Win Rate: 0.000, Epsilon: 1.000
[2025-10-03 13:43:30,029][src.training.self_play][INFO] - Game 100: timeout in 50 moves
[2025-10-03 13:43:30,030][src.training.self_play][INFO] - Running evaluation against Stockfish...
[2025-10-03 13:43:30,409][src.training.self_play][INFO] - Evaluation - Win: 0.000, Draw: 0.000, Loss: 1.000
[2025-10-03 13:43:30,458][src.training.self_play][INFO] - Checkpoint saved: /app/results/baseline_small_20251003_134255/checkpoints/checkpoint_game_100.pt
[2025-10-03 13:43:30,458][src.training.self_play][INFO] - Episode 20: Games 100/100, Avg Reward: 2.500, Win Rate: 0.000, Epsilon: 1.000
[2025-10-03 13:43:30,510][src.training.self_play][INFO] - Final model saved: /app/results/baseline_small_20251003_134255/final_model.pt
[2025-10-03 13:43:30,510][src.training.self_play][INFO] - Running final evaluation...
[2025-10-03 13:43:35,511][src.training.self_play][INFO] - 🎯 Running comprehensive ELO evaluation...
[2025-10-03 13:43:35,512][src.utils.elo_calculator][INFO] - 🎯 Starting Comprehensive ELO Evaluation
[2025-10-03 13:43:35,512][src.utils.elo_calculator][INFO] - Testing against 6 Stockfish configurations
[2025-10-03 13:43:35,512][src.utils.elo_calculator][INFO] - Games per configuration: 20
[2025-10-03 13:43:35,512][src.utils.elo_calculator][INFO] - Evaluating against Stockfish depth=1, 0.01s - Beginner level
[2025-10-03 13:43:35,512][src.utils.elo_calculator][INFO] - Playing 20 games...
[2025-10-03 13:43:36,258][src.utils.elo_calculator][INFO] -   Games 5/20: W0 D0 L5
[2025-10-03 13:43:36,866][src.utils.elo_calculator][INFO] -   Games 10/20: W0 D0 L10
[2025-10-03 13:43:37,533][src.utils.elo_calculator][INFO] -   Games 15/20: W0 D0 L15
[2025-10-03 13:43:38,317][src.utils.elo_calculator][INFO] -   Games 20/20: W0 D0 L20
[2025-10-03 13:43:38,318][src.utils.elo_calculator][INFO] - Final result vs beginner: W0 D0 L20 (Score: 0.000)
[2025-10-03 13:43:38,318][src.utils.elo_calculator][INFO] - ELO estimate vs beginner (400): 100
[2025-10-03 13:43:38,318][src.utils.elo_calculator][INFO] - Evaluating against Stockfish depth=1, 0.05s - Weak amateur
[2025-10-03 13:43:38,318][src.utils.elo_calculator][INFO] - Playing 20 games...
[2025-10-03 13:43:38,982][src.utils.elo_calculator][INFO] -   Games 5/20: W0 D0 L5
[2025-10-03 13:43:39,532][src.utils.elo_calculator][INFO] -   Games 10/20: W0 D0 L10
[2025-10-03 13:43:40,220][src.utils.elo_calculator][INFO] -   Games 15/20: W0 D0 L15
[2025-10-03 13:43:41,107][src.utils.elo_calculator][INFO] -   Games 20/20: W0 D0 L20
[2025-10-03 13:43:41,107][src.utils.elo_calculator][INFO] - Final result vs weak: W0 D0 L20 (Score: 0.000)
[2025-10-03 13:43:41,108][src.utils.elo_calculator][INFO] - ELO estimate vs weak (600): 100
[2025-10-03 13:43:41,109][src.utils.elo_calculator][INFO] - Evaluating against Stockfish depth=1, 0.1s - Amateur
[2025-10-03 13:43:41,109][src.utils.elo_calculator][INFO] - Playing 20 games...
[2025-10-03 13:43:42,085][src.utils.elo_calculator][INFO] -   Games 5/20: W0 D0 L5
[2025-10-03 13:43:43,012][src.utils.elo_calculator][INFO] -   Games 10/20: W0 D0 L10
[2025-10-03 13:43:44,057][src.utils.elo_calculator][INFO] -   Games 15/20: W0 D0 L15
[2025-10-03 13:43:44,934][src.utils.elo_calculator][INFO] -   Games 20/20: W0 D0 L20
[2025-10-03 13:43:44,935][src.utils.elo_calculator][INFO] - Final result vs amateur: W0 D0 L20 (Score: 0.000)
[2025-10-03 13:43:44,935][src.utils.elo_calculator][INFO] - ELO estimate vs amateur (800): 100
[2025-10-03 13:43:44,936][src.utils.elo_calculator][INFO] - Evaluating against Stockfish depth=1, 0.2s - Club player
[2025-10-03 13:43:44,936][src.utils.elo_calculator][INFO] - Playing 20 games...
[2025-10-03 13:43:45,548][src.utils.elo_calculator][INFO] -   Games 5/20: W0 D0 L5
[2025-10-03 13:43:46,515][src.utils.elo_calculator][INFO] -   Games 10/20: W0 D0 L10
[2025-10-03 13:43:47,000][src.utils.elo_calculator][INFO] -   Games 15/20: W0 D0 L15
[2025-10-03 13:43:47,668][src.utils.elo_calculator][INFO] -   Games 20/20: W0 D0 L20
[2025-10-03 13:43:47,669][src.utils.elo_calculator][INFO] - Final result vs club: W0 D0 L20 (Score: 0.000)
[2025-10-03 13:43:47,669][src.utils.elo_calculator][INFO] - ELO estimate vs club (1000): 200
[2025-10-03 13:43:47,669][src.utils.elo_calculator][INFO] - Evaluating against Stockfish depth=2, 0.1s - Intermediate
[2025-10-03 13:43:47,669][src.utils.elo_calculator][INFO] - Playing 20 games...
[2025-10-03 13:43:48,466][src.utils.elo_calculator][INFO] -   Games 5/20: W0 D0 L5
[2025-10-03 13:43:49,219][src.utils.elo_calculator][INFO] -   Games 10/20: W0 D0 L10
[2025-10-03 13:43:49,892][src.utils.elo_calculator][INFO] -   Games 15/20: W0 D0 L15
[2025-10-03 13:43:50,457][src.utils.elo_calculator][INFO] -   Games 20/20: W0 D0 L20
[2025-10-03 13:43:50,458][src.utils.elo_calculator][INFO] - Final result vs intermediate: W0 D0 L20 (Score: 0.000)
[2025-10-03 13:43:50,458][src.utils.elo_calculator][INFO] - ELO estimate vs intermediate (1200): 400
[2025-10-03 13:43:50,458][src.utils.elo_calculator][INFO] - Evaluating against Stockfish depth=2, 0.2s - Advanced
[2025-10-03 13:43:50,458][src.utils.elo_calculator][INFO] - Playing 20 games...
[2025-10-03 13:43:51,092][src.utils.elo_calculator][INFO] -   Games 5/20: W0 D0 L5
[2025-10-03 13:43:51,759][src.utils.elo_calculator][INFO] -   Games 10/20: W0 D0 L10
[2025-10-03 13:43:52,356][src.utils.elo_calculator][INFO] -   Games 15/20: W0 D0 L15
[2025-10-03 13:43:52,977][src.utils.elo_calculator][INFO] -   Games 20/20: W0 D0 L20
[2025-10-03 13:43:52,977][src.utils.elo_calculator][INFO] - Final result vs advanced: W0 D0 L20 (Score: 0.000)
[2025-10-03 13:43:52,978][src.utils.elo_calculator][INFO] - ELO estimate vs advanced (1400): 600
[2025-10-03 13:43:52,981][src.utils.elo_calculator][INFO] - 🎉 ELO Evaluation Complete!
[2025-10-03 13:43:52,981][src.utils.elo_calculator][INFO] - 📊 Estimated ELO: 250 (95% CI: -121-621)
[2025-10-03 13:43:52,981][src.utils.elo_calculator][INFO] - 📈 Overall Score: 0.000 (120 games)
[2025-10-03 13:43:52,983][src.utils.elo_calculator][INFO] - 💾 Evaluation results saved to /app/results/baseline_small_20251003_134255/elo_evaluation.json
[2025-10-03 13:43:52,983][src.training.self_play][INFO] - 🏆 Final ELO Rating: 250 (95% CI: -121-621)
[2025-10-03 13:43:52,983][src.training.self_play][INFO] - Final Evaluation - Win: 0.000, Draw: 0.000, Loss: 1.000
[2025-10-03 13:43:52,986][__main__][INFO] - Training completed successfully!
[2025-10-03 13:43:52,986][__main__][INFO] - Final model saved to: /app/results/baseline_small_20251003_134255/final_model.pt
[2025-10-03 13:43:52,986][__main__][INFO] - Training history saved to: /app/results/baseline_small_20251003_134255/training_history.json
[2025-10-03 13:43:52,986][__main__][INFO] - Running final evaluation...
[2025-10-03 13:44:34,991][__main__][INFO] - Final Results:
[2025-10-03 13:44:34,992][__main__][INFO] -   Win Rate: 8.0%
[2025-10-03 13:44:34,992][__main__][INFO] -   Draw Rate: 82.0%
[2025-10-03 13:44:34,992][__main__][INFO] -   Loss Rate: 10.0%
