[2025-10-03 14:09:51,871][__main__][INFO] - Using CPU
[2025-10-03 14:09:51,871][__main__][INFO] - Training Configuration:
[2025-10-03 14:09:51,874][__main__][INFO] - model:
  name: small
  conv_channels:
  - 32
  - 64
  - 128
  hidden_size: 256
  dropout: 0.1
  activation: relu
training:
  name: quick
  max_moves: 50
  game_timeout: 10.0
  games_per_episode: 5
  training_frequency: 2
  target_update_frequency: 20
  eval_frequency: 10
  eval_games: 3
  stockfish_depth: 1
  stockfish_time: 0.05
  log_frequency: 5
  checkpoint_frequency: 20
exploration:
  name: balanced
  strategy_type: linear
  epsilon_start: 1.0
  epsilon_end: 0.05
  epsilon_decay_steps: 1000000
  decay_type: linear
agent:
  name: small
  buffer_size: 1000
  min_buffer_size: 100
  batch_size: 32
  learning_rate: 0.0001
  gamma: 0.99
  tau: 0.005
  replay_type: standard
experiment:
  name: baseline_small
  description: Baseline CNN-DQN with small model for quick testing
  total_games: 100
seed: 42
device: auto
debug: false
verbose: true
paths:
  results_dir: results
  checkpoints_dir: checkpoints
  logs_dir: logs
  data_dir: data

[2025-10-03 14:09:51,874][__main__][INFO] - Initializing DQN Agent...
[2025-10-03 14:09:52,359][__main__][INFO] - Agent initialized with 2862593 parameters
[2025-10-03 14:09:52,359][__main__][INFO] - Initializing Self-Play Trainer...
[2025-10-03 14:09:52,362][__main__][INFO] - Using CPU
[2025-10-03 14:09:52,367][__main__][INFO] - Experiment configuration saved to /app/results/baseline_small_20251003_140951/experiment_config.yaml
[2025-10-03 14:09:52,368][__main__][INFO] - Using CPU
[2025-10-03 14:09:52,369][__main__][INFO] - Legacy experiment info saved to /app/results/baseline_small_20251003_140951/experiment_info.json
[2025-10-03 14:09:52,369][__main__][INFO] - Starting training: Baseline CNN-DQN with small model for quick testing
[2025-10-03 14:09:52,369][__main__][INFO] - Total games: 100
[2025-10-03 14:09:52,369][__main__][INFO] - Results directory: /app/results/baseline_small_20251003_140951
[2025-10-03 14:09:52,369][__main__][INFO] - 🚀 Starting training phase...
[2025-10-03 14:09:52,369][src.training.self_play][INFO] - Starting training for 100 games
[2025-10-03 14:09:54,121][src.training.self_play][INFO] - Game 5: timeout in 50 moves
[2025-10-03 14:09:54,124][src.training.self_play][INFO] - Episode 1: Games 5/100, Avg Reward: 3.420, Win Rate: 0.200, Epsilon: 1.000
[2025-10-03 14:09:55,793][src.training.self_play][INFO] - Game 10: timeout in 50 moves
[2025-10-03 14:09:55,793][src.training.self_play][INFO] - Running evaluation against Stockfish...
[2025-10-03 14:09:56,124][src.training.self_play][INFO] - Evaluation - Win: 0.000, Draw: 0.000, Loss: 1.000
[2025-10-03 14:09:56,125][src.training.self_play][INFO] - Episode 2: Games 10/100, Avg Reward: 2.500, Win Rate: 0.000, Epsilon: 1.000
[2025-10-03 14:09:57,844][src.training.self_play][INFO] - Game 15: timeout in 50 moves
[2025-10-03 14:09:57,845][src.training.self_play][INFO] - Episode 3: Games 15/100, Avg Reward: 2.500, Win Rate: 0.000, Epsilon: 1.000
[2025-10-03 14:09:59,587][src.training.self_play][INFO] - Game 20: timeout in 50 moves
[2025-10-03 14:09:59,588][src.training.self_play][INFO] - Running evaluation against Stockfish...
[2025-10-03 14:09:59,842][src.training.self_play][INFO] - Evaluation - Win: 0.000, Draw: 0.000, Loss: 1.000
[2025-10-03 14:09:59,928][src.training.self_play][INFO] - Checkpoint saved: /app/results/baseline_small_20251003_140951/checkpoints/checkpoint_game_20.pt
[2025-10-03 14:09:59,928][src.training.self_play][INFO] - Episode 4: Games 20/100, Avg Reward: 2.500, Win Rate: 0.000, Epsilon: 1.000
[2025-10-03 14:10:01,557][src.training.self_play][INFO] - Game 25: timeout in 50 moves
[2025-10-03 14:10:01,558][src.training.self_play][INFO] - Episode 5: Games 25/100, Avg Reward: 2.500, Win Rate: 0.000, Epsilon: 1.000
[2025-10-03 14:10:03,387][src.training.self_play][INFO] - Game 30: timeout in 50 moves
[2025-10-03 14:10:03,387][src.training.self_play][INFO] - Running evaluation against Stockfish...
[2025-10-03 14:10:03,630][src.training.self_play][INFO] - Evaluation - Win: 0.000, Draw: 0.000, Loss: 1.000
[2025-10-03 14:10:03,630][src.training.self_play][INFO] - Episode 6: Games 30/100, Avg Reward: 2.500, Win Rate: 0.000, Epsilon: 1.000
[2025-10-03 14:10:05,168][src.training.self_play][INFO] - Game 35: timeout in 50 moves
[2025-10-03 14:10:05,169][src.training.self_play][INFO] - Episode 7: Games 35/100, Avg Reward: 2.500, Win Rate: 0.000, Epsilon: 1.000
[2025-10-03 14:10:06,950][src.training.self_play][INFO] - Game 40: timeout in 50 moves
[2025-10-03 14:10:06,951][src.training.self_play][INFO] - Running evaluation against Stockfish...
[2025-10-03 14:10:07,122][src.training.self_play][INFO] - Evaluation - Win: 0.000, Draw: 0.000, Loss: 1.000
[2025-10-03 14:10:07,182][src.training.self_play][INFO] - Checkpoint saved: /app/results/baseline_small_20251003_140951/checkpoints/checkpoint_game_40.pt
[2025-10-03 14:10:07,182][src.training.self_play][INFO] - Episode 8: Games 40/100, Avg Reward: 2.500, Win Rate: 0.000, Epsilon: 1.000
[2025-10-03 14:10:08,856][src.training.self_play][INFO] - Game 45: timeout in 50 moves
[2025-10-03 14:10:08,856][src.training.self_play][INFO] - Episode 9: Games 45/100, Avg Reward: 2.500, Win Rate: 0.000, Epsilon: 1.000
[2025-10-03 14:10:10,424][src.training.self_play][INFO] - Game 50: timeout in 50 moves
[2025-10-03 14:10:10,425][src.training.self_play][INFO] - Running evaluation against Stockfish...
[2025-10-03 14:10:10,690][src.training.self_play][INFO] - Evaluation - Win: 0.000, Draw: 0.000, Loss: 1.000
[2025-10-03 14:10:10,691][src.training.self_play][INFO] - Episode 10: Games 50/100, Avg Reward: 2.500, Win Rate: 0.000, Epsilon: 1.000
[2025-10-03 14:10:12,343][src.training.self_play][INFO] - Game 55: timeout in 50 moves
[2025-10-03 14:10:12,344][src.training.self_play][INFO] - Episode 11: Games 55/100, Avg Reward: 2.500, Win Rate: 0.000, Epsilon: 1.000
[2025-10-03 14:10:13,994][src.training.self_play][INFO] - Game 60: timeout in 50 moves
[2025-10-03 14:10:13,994][src.training.self_play][INFO] - Running evaluation against Stockfish...
[2025-10-03 14:10:14,253][src.training.self_play][INFO] - Evaluation - Win: 0.000, Draw: 0.000, Loss: 1.000
[2025-10-03 14:10:14,300][src.training.self_play][INFO] - Checkpoint saved: /app/results/baseline_small_20251003_140951/checkpoints/checkpoint_game_60.pt
[2025-10-03 14:10:14,300][src.training.self_play][INFO] - Episode 12: Games 60/100, Avg Reward: 2.500, Win Rate: 0.000, Epsilon: 1.000
[2025-10-03 14:10:15,739][src.training.self_play][INFO] - Game 65: timeout in 50 moves
[2025-10-03 14:10:15,740][src.training.self_play][INFO] - Episode 13: Games 65/100, Avg Reward: 3.420, Win Rate: 0.200, Epsilon: 1.000
[2025-10-03 14:10:17,460][src.training.self_play][INFO] - Game 70: timeout in 50 moves
[2025-10-03 14:10:17,460][src.training.self_play][INFO] - Running evaluation against Stockfish...
[2025-10-03 14:10:17,731][src.training.self_play][INFO] - Evaluation - Win: 0.000, Draw: 0.000, Loss: 1.000
[2025-10-03 14:10:17,731][src.training.self_play][INFO] - Episode 14: Games 70/100, Avg Reward: 2.500, Win Rate: 0.000, Epsilon: 1.000
[2025-10-03 14:10:19,188][src.training.self_play][INFO] - Game 75: timeout in 50 moves
[2025-10-03 14:10:19,188][src.training.self_play][INFO] - Episode 15: Games 75/100, Avg Reward: 2.500, Win Rate: 0.000, Epsilon: 1.000
[2025-10-03 14:10:20,882][src.training.self_play][INFO] - Game 80: timeout in 50 moves
[2025-10-03 14:10:20,882][src.training.self_play][INFO] - Running evaluation against Stockfish...
[2025-10-03 14:10:21,053][src.training.self_play][INFO] - Evaluation - Win: 0.000, Draw: 0.000, Loss: 1.000
[2025-10-03 14:10:21,104][src.training.self_play][INFO] - Checkpoint saved: /app/results/baseline_small_20251003_140951/checkpoints/checkpoint_game_80.pt
[2025-10-03 14:10:21,104][src.training.self_play][INFO] - Episode 16: Games 80/100, Avg Reward: 2.500, Win Rate: 0.000, Epsilon: 1.000
[2025-10-03 14:10:22,584][src.training.self_play][INFO] - Game 85: timeout in 50 moves
[2025-10-03 14:10:22,585][src.training.self_play][INFO] - Episode 17: Games 85/100, Avg Reward: 2.500, Win Rate: 0.000, Epsilon: 1.000
[2025-10-03 14:10:24,127][src.training.self_play][INFO] - Game 90: timeout in 50 moves
[2025-10-03 14:10:24,127][src.training.self_play][INFO] - Running evaluation against Stockfish...
[2025-10-03 14:10:24,780][src.training.self_play][INFO] - Evaluation - Win: 0.000, Draw: 0.000, Loss: 1.000
[2025-10-03 14:10:24,780][src.training.self_play][INFO] - Episode 18: Games 90/100, Avg Reward: 2.500, Win Rate: 0.000, Epsilon: 1.000
[2025-10-03 14:10:26,280][src.training.self_play][INFO] - Game 95: timeout in 50 moves
[2025-10-03 14:10:26,280][src.training.self_play][INFO] - Episode 19: Games 95/100, Avg Reward: 2.500, Win Rate: 0.000, Epsilon: 1.000
[2025-10-03 14:10:27,845][src.training.self_play][INFO] - Game 100: timeout in 50 moves
[2025-10-03 14:10:27,846][src.training.self_play][INFO] - Running evaluation against Stockfish...
[2025-10-03 14:10:28,244][src.training.self_play][INFO] - Evaluation - Win: 0.000, Draw: 0.000, Loss: 1.000
[2025-10-03 14:10:28,292][src.training.self_play][INFO] - Checkpoint saved: /app/results/baseline_small_20251003_140951/checkpoints/checkpoint_game_100.pt
[2025-10-03 14:10:28,293][src.training.self_play][INFO] - Episode 20: Games 100/100, Avg Reward: 2.500, Win Rate: 0.000, Epsilon: 1.000
[2025-10-03 14:10:28,340][src.training.self_play][INFO] - Final model saved: /app/results/baseline_small_20251003_140951/final_model.pt
[2025-10-03 14:10:28,340][src.training.self_play][INFO] - Running final evaluation...
[2025-10-03 14:10:32,878][src.training.self_play][INFO] - 🎯 Running comprehensive ELO evaluation...
[2025-10-03 14:10:32,878][src.utils.elo_calculator][INFO] - 🎯 Starting Comprehensive ELO Evaluation
[2025-10-03 14:10:32,878][src.utils.elo_calculator][INFO] - Testing against 6 Stockfish configurations
[2025-10-03 14:10:32,878][src.utils.elo_calculator][INFO] - Games per configuration: 20
[2025-10-03 14:10:32,879][src.utils.elo_calculator][INFO] - Evaluating against Stockfish depth=1, 0.01s - Beginner level
[2025-10-03 14:10:32,879][src.utils.elo_calculator][INFO] - Playing 20 games...
[2025-10-03 14:10:33,565][src.utils.elo_calculator][INFO] -   Games 5/20: W0 D0 L5
[2025-10-03 14:10:34,343][src.utils.elo_calculator][INFO] -   Games 10/20: W0 D0 L10
[2025-10-03 14:10:35,094][src.utils.elo_calculator][INFO] -   Games 15/20: W0 D0 L15
[2025-10-03 14:10:35,906][src.utils.elo_calculator][INFO] -   Games 20/20: W0 D0 L20
[2025-10-03 14:10:35,907][src.utils.elo_calculator][INFO] - Final result vs beginner: W0 D0 L20 (Score: 0.000)
[2025-10-03 14:10:35,907][src.utils.elo_calculator][INFO] - ELO estimate vs beginner (400): 100
[2025-10-03 14:10:35,907][src.utils.elo_calculator][INFO] - Evaluating against Stockfish depth=1, 0.05s - Weak amateur
[2025-10-03 14:10:35,907][src.utils.elo_calculator][INFO] - Playing 20 games...
[2025-10-03 14:10:36,532][src.utils.elo_calculator][INFO] -   Games 5/20: W0 D0 L5
[2025-10-03 14:10:37,134][src.utils.elo_calculator][INFO] -   Games 10/20: W0 D0 L10
[2025-10-03 14:10:37,766][src.utils.elo_calculator][INFO] -   Games 15/20: W0 D0 L15
[2025-10-03 14:10:38,676][src.utils.elo_calculator][INFO] -   Games 20/20: W0 D0 L20
[2025-10-03 14:10:38,676][src.utils.elo_calculator][INFO] - Final result vs weak: W0 D0 L20 (Score: 0.000)
[2025-10-03 14:10:38,677][src.utils.elo_calculator][INFO] - ELO estimate vs weak (600): 100
[2025-10-03 14:10:38,677][src.utils.elo_calculator][INFO] - Evaluating against Stockfish depth=1, 0.1s - Amateur
[2025-10-03 14:10:38,678][src.utils.elo_calculator][INFO] - Playing 20 games...
[2025-10-03 14:10:39,493][src.utils.elo_calculator][INFO] -   Games 5/20: W0 D0 L5
[2025-10-03 14:10:40,318][src.utils.elo_calculator][INFO] -   Games 10/20: W0 D0 L10
[2025-10-03 14:10:41,303][src.utils.elo_calculator][INFO] -   Games 15/20: W0 D0 L15
[2025-10-03 14:10:42,195][src.utils.elo_calculator][INFO] -   Games 20/20: W0 D0 L20
[2025-10-03 14:10:42,196][src.utils.elo_calculator][INFO] - Final result vs amateur: W0 D0 L20 (Score: 0.000)
[2025-10-03 14:10:42,196][src.utils.elo_calculator][INFO] - ELO estimate vs amateur (800): 100
[2025-10-03 14:10:42,196][src.utils.elo_calculator][INFO] - Evaluating against Stockfish depth=1, 0.2s - Club player
[2025-10-03 14:10:42,196][src.utils.elo_calculator][INFO] - Playing 20 games...
[2025-10-03 14:10:42,866][src.utils.elo_calculator][INFO] -   Games 5/20: W0 D0 L5
[2025-10-03 14:10:43,780][src.utils.elo_calculator][INFO] -   Games 10/20: W0 D0 L10
[2025-10-03 14:10:44,303][src.utils.elo_calculator][INFO] -   Games 15/20: W0 D0 L15
[2025-10-03 14:10:44,954][src.utils.elo_calculator][INFO] -   Games 20/20: W0 D0 L20
[2025-10-03 14:10:44,955][src.utils.elo_calculator][INFO] - Final result vs club: W0 D0 L20 (Score: 0.000)
[2025-10-03 14:10:44,955][src.utils.elo_calculator][INFO] - ELO estimate vs club (1000): 200
[2025-10-03 14:10:44,955][src.utils.elo_calculator][INFO] - Evaluating against Stockfish depth=2, 0.1s - Intermediate
[2025-10-03 14:10:44,955][src.utils.elo_calculator][INFO] - Playing 20 games...
[2025-10-03 14:10:45,628][src.utils.elo_calculator][INFO] -   Games 5/20: W0 D0 L5
[2025-10-03 14:10:46,328][src.utils.elo_calculator][INFO] -   Games 10/20: W0 D0 L10
[2025-10-03 14:10:47,017][src.utils.elo_calculator][INFO] -   Games 15/20: W0 D0 L15
[2025-10-03 14:10:47,589][src.utils.elo_calculator][INFO] -   Games 20/20: W0 D0 L20
[2025-10-03 14:10:47,590][src.utils.elo_calculator][INFO] - Final result vs intermediate: W0 D0 L20 (Score: 0.000)
[2025-10-03 14:10:47,590][src.utils.elo_calculator][INFO] - ELO estimate vs intermediate (1200): 400
[2025-10-03 14:10:47,590][src.utils.elo_calculator][INFO] - Evaluating against Stockfish depth=2, 0.2s - Advanced
[2025-10-03 14:10:47,591][src.utils.elo_calculator][INFO] - Playing 20 games...
[2025-10-03 14:10:48,282][src.utils.elo_calculator][INFO] -   Games 5/20: W0 D0 L5
[2025-10-03 14:10:49,113][src.utils.elo_calculator][INFO] -   Games 10/20: W0 D0 L10
[2025-10-03 14:10:49,815][src.utils.elo_calculator][INFO] -   Games 15/20: W0 D0 L15
[2025-10-03 14:10:50,561][src.utils.elo_calculator][INFO] -   Games 20/20: W0 D0 L20
[2025-10-03 14:10:50,562][src.utils.elo_calculator][INFO] - Final result vs advanced: W0 D0 L20 (Score: 0.000)
[2025-10-03 14:10:50,562][src.utils.elo_calculator][INFO] - ELO estimate vs advanced (1400): 600
[2025-10-03 14:10:50,565][src.utils.elo_calculator][INFO] - 🎉 ELO Evaluation Complete!
[2025-10-03 14:10:50,565][src.utils.elo_calculator][INFO] - 📊 Estimated ELO: 250 (95% CI: -121-621)
[2025-10-03 14:10:50,565][src.utils.elo_calculator][INFO] - 📈 Overall Score: 0.000 (120 games)
[2025-10-03 14:10:50,567][src.utils.elo_calculator][INFO] - 💾 Evaluation results saved to /app/results/baseline_small_20251003_140951/elo_evaluation.json
[2025-10-03 14:10:50,567][src.training.self_play][INFO] - 🏆 Final ELO Rating: 250 (95% CI: -121-621)
[2025-10-03 14:10:50,567][src.training.self_play][INFO] - Final Evaluation - Win: 0.000, Draw: 0.000, Loss: 1.000
[2025-10-03 14:10:50,570][__main__][INFO] - ✅ Training phase completed!
[2025-10-03 14:10:50,570][__main__][INFO] - 💾 Starting file saving phase...
[2025-10-03 14:10:50,571][__main__][INFO] - ✅ Training history saved to: /app/results/baseline_small_20251003_140951/training_history.json
[2025-10-03 14:10:50,571][__main__][INFO] - ✅ Final model confirmed at: /app/results/baseline_small_20251003_140951/final_model.pt
[2025-10-03 14:10:50,571][__main__][INFO] - 🎯 Starting final evaluation phase...
[2025-10-03 14:11:42,815][__main__][INFO] - 🏆 Final Results:
[2025-10-03 14:11:42,816][__main__][INFO] -   Win Rate: 0.0%
[2025-10-03 14:11:42,816][__main__][INFO] -   Draw Rate: 94.0%
[2025-10-03 14:11:42,816][__main__][INFO] -   Loss Rate: 6.0%
[2025-10-03 14:11:42,816][__main__][INFO] - 🎮 Generating sample games...
[2025-10-03 14:11:42,835][src.utils.game_generator][INFO] - Generating 10 sample games...
[2025-10-03 14:11:42,835][src.utils.game_generator][INFO] - Playing game 1/10
[2025-10-03 14:11:43,105][src.utils.game_generator][INFO] - Playing game 2/10
[2025-10-03 14:11:43,329][src.utils.game_generator][INFO] - Playing game 3/10
[2025-10-03 14:11:43,559][src.utils.game_generator][INFO] - Playing game 4/10
[2025-10-03 14:11:43,808][src.utils.game_generator][INFO] - Playing game 5/10
[2025-10-03 14:11:44,051][src.utils.game_generator][INFO] - Playing game 6/10
[2025-10-03 14:11:44,318][src.utils.game_generator][INFO] - Playing game 7/10
[2025-10-03 14:11:44,580][src.utils.game_generator][INFO] - Playing game 8/10
[2025-10-03 14:11:44,841][src.utils.game_generator][INFO] - Playing game 9/10
[2025-10-03 14:11:45,069][src.utils.game_generator][INFO] - Playing game 10/10
[2025-10-03 14:11:45,321][src.utils.game_generator][ERROR] - Failed to save games summary: 'avg_agent_time'
[2025-10-03 14:11:45,321][src.utils.game_generator][INFO] - Generated 10 sample games successfully
[2025-10-03 14:11:45,321][__main__][INFO] - ✅ Generated 10 sample games in: /app/results/baseline_small_20251003_140951/sample_games
[2025-10-03 14:11:45,321][__main__][INFO] - 📊 Sample Games Summary:
[2025-10-03 14:11:45,321][__main__][INFO] -   Average moves per game: 50.0
[2025-10-03 14:11:45,321][__main__][INFO] -   1/2-1/2: 10 games
[2025-10-03 14:11:45,322][__main__][INFO] - 🎉 All phases completed successfully!
