[2025-10-03 14:20:08,925][__main__][INFO] - Using CPU
[2025-10-03 14:20:08,925][__main__][INFO] - Training Configuration:
[2025-10-03 14:20:08,927][__main__][INFO] - model:
  name: small
  conv_channels:
  - 32
  - 64
  - 128
  hidden_size: 256
  dropout: 0.1
  activation: relu
training:
  name: quick
  max_moves: 50
  game_timeout: 10.0
  games_per_episode: 5
  training_frequency: 2
  target_update_frequency: 20
  eval_frequency: 10
  eval_games: 3
  stockfish_depth: 1
  stockfish_time: 0.05
  log_frequency: 5
  checkpoint_frequency: 20
exploration:
  name: balanced
  strategy_type: linear
  epsilon_start: 1.0
  epsilon_end: 0.05
  epsilon_decay_steps: 1000000
  decay_type: linear
agent:
  name: small
  buffer_size: 1000
  min_buffer_size: 100
  batch_size: 32
  learning_rate: 0.0001
  gamma: 0.99
  tau: 0.005
  replay_type: standard
experiment:
  name: baseline_small
  description: Baseline CNN-DQN with small model for quick testing
  total_games: 100
seed: 42
device: auto
debug: false
verbose: true
paths:
  results_dir: results
  checkpoints_dir: checkpoints
  logs_dir: logs
  data_dir: data

[2025-10-03 14:20:08,927][__main__][INFO] - Initializing DQN Agent...
[2025-10-03 14:20:09,446][__main__][INFO] - Agent initialized with 2862593 parameters
[2025-10-03 14:20:09,446][__main__][INFO] - Initializing Self-Play Trainer...
[2025-10-03 14:20:09,448][__main__][INFO] - Using CPU
[2025-10-03 14:20:09,453][__main__][INFO] - Experiment configuration saved to /app/results/baseline_small_20251003_142008/experiment_config.yaml
[2025-10-03 14:20:09,454][__main__][INFO] - Using CPU
[2025-10-03 14:20:09,455][__main__][INFO] - Legacy experiment info saved to /app/results/baseline_small_20251003_142008/experiment_info.json
[2025-10-03 14:20:09,455][__main__][INFO] - Starting training: Baseline CNN-DQN with small model for quick testing
[2025-10-03 14:20:09,455][__main__][INFO] - Total games: 100
[2025-10-03 14:20:09,455][__main__][INFO] - Results directory: /app/results/baseline_small_20251003_142008
[2025-10-03 14:20:09,455][__main__][INFO] - 🚀 Starting training phase...
[2025-10-03 14:20:09,455][src.training.self_play][INFO] - Starting training for 100 games
[2025-10-03 14:20:11,236][src.training.self_play][INFO] - Game 5: timeout in 50 moves
[2025-10-03 14:20:11,239][src.training.self_play][INFO] - Episode 1: Games 5/100, Avg Reward: 3.420, Win Rate: 0.200, Epsilon: 1.000
[2025-10-03 14:20:12,725][src.training.self_play][INFO] - Game 10: timeout in 50 moves
[2025-10-03 14:20:12,726][src.training.self_play][INFO] - Running evaluation against Stockfish...
[2025-10-03 14:20:13,074][src.training.self_play][INFO] - Evaluation - Win: 0.000, Draw: 0.000, Loss: 1.000
[2025-10-03 14:20:13,075][src.training.self_play][INFO] - Episode 2: Games 10/100, Avg Reward: 2.500, Win Rate: 0.000, Epsilon: 1.000
[2025-10-03 14:20:14,364][src.training.self_play][INFO] - Game 15: timeout in 50 moves
[2025-10-03 14:20:14,365][src.training.self_play][INFO] - Episode 3: Games 15/100, Avg Reward: 2.500, Win Rate: 0.000, Epsilon: 1.000
[2025-10-03 14:20:15,678][src.training.self_play][INFO] - Game 20: timeout in 50 moves
[2025-10-03 14:20:15,678][src.training.self_play][INFO] - Running evaluation against Stockfish...
[2025-10-03 14:20:15,917][src.training.self_play][INFO] - Evaluation - Win: 0.000, Draw: 0.000, Loss: 1.000
[2025-10-03 14:20:15,971][src.training.self_play][INFO] - Checkpoint saved: /app/results/baseline_small_20251003_142008/checkpoints/checkpoint_game_20.pt
[2025-10-03 14:20:15,971][src.training.self_play][INFO] - Episode 4: Games 20/100, Avg Reward: 2.500, Win Rate: 0.000, Epsilon: 1.000
[2025-10-03 14:20:17,420][src.training.self_play][INFO] - Game 25: timeout in 50 moves
[2025-10-03 14:20:17,421][src.training.self_play][INFO] - Episode 5: Games 25/100, Avg Reward: 2.500, Win Rate: 0.000, Epsilon: 1.000
[2025-10-03 14:20:18,911][src.training.self_play][INFO] - Game 30: timeout in 50 moves
[2025-10-03 14:20:18,911][src.training.self_play][INFO] - Running evaluation against Stockfish...
[2025-10-03 14:20:19,176][src.training.self_play][INFO] - Evaluation - Win: 0.000, Draw: 0.000, Loss: 1.000
[2025-10-03 14:20:19,176][src.training.self_play][INFO] - Episode 6: Games 30/100, Avg Reward: 2.500, Win Rate: 0.000, Epsilon: 1.000
[2025-10-03 14:20:20,485][src.training.self_play][INFO] - Game 35: timeout in 50 moves
[2025-10-03 14:20:20,485][src.training.self_play][INFO] - Episode 7: Games 35/100, Avg Reward: 2.500, Win Rate: 0.000, Epsilon: 1.000
[2025-10-03 14:20:21,971][src.training.self_play][INFO] - Game 40: timeout in 50 moves
[2025-10-03 14:20:21,971][src.training.self_play][INFO] - Running evaluation against Stockfish...
[2025-10-03 14:20:22,098][src.training.self_play][INFO] - Evaluation - Win: 0.000, Draw: 0.000, Loss: 1.000
[2025-10-03 14:20:22,156][src.training.self_play][INFO] - Checkpoint saved: /app/results/baseline_small_20251003_142008/checkpoints/checkpoint_game_40.pt
[2025-10-03 14:20:22,156][src.training.self_play][INFO] - Episode 8: Games 40/100, Avg Reward: 2.500, Win Rate: 0.000, Epsilon: 1.000
[2025-10-03 14:20:23,535][src.training.self_play][INFO] - Game 45: timeout in 50 moves
[2025-10-03 14:20:23,535][src.training.self_play][INFO] - Episode 9: Games 45/100, Avg Reward: 2.500, Win Rate: 0.000, Epsilon: 1.000
[2025-10-03 14:20:25,016][src.training.self_play][INFO] - Game 50: timeout in 50 moves
[2025-10-03 14:20:25,017][src.training.self_play][INFO] - Running evaluation against Stockfish...
[2025-10-03 14:20:25,245][src.training.self_play][INFO] - Evaluation - Win: 0.000, Draw: 0.000, Loss: 1.000
[2025-10-03 14:20:25,245][src.training.self_play][INFO] - Episode 10: Games 50/100, Avg Reward: 2.500, Win Rate: 0.000, Epsilon: 1.000
[2025-10-03 14:20:26,545][src.training.self_play][INFO] - Game 55: timeout in 50 moves
[2025-10-03 14:20:26,546][src.training.self_play][INFO] - Episode 11: Games 55/100, Avg Reward: 2.500, Win Rate: 0.000, Epsilon: 1.000
[2025-10-03 14:20:28,020][src.training.self_play][INFO] - Game 60: timeout in 50 moves
[2025-10-03 14:20:28,020][src.training.self_play][INFO] - Running evaluation against Stockfish...
[2025-10-03 14:20:28,276][src.training.self_play][INFO] - Evaluation - Win: 0.000, Draw: 0.000, Loss: 1.000
[2025-10-03 14:20:28,323][src.training.self_play][INFO] - Checkpoint saved: /app/results/baseline_small_20251003_142008/checkpoints/checkpoint_game_60.pt
[2025-10-03 14:20:28,323][src.training.self_play][INFO] - Episode 12: Games 60/100, Avg Reward: 2.500, Win Rate: 0.000, Epsilon: 1.000
[2025-10-03 14:20:29,759][src.training.self_play][INFO] - Game 65: timeout in 50 moves
[2025-10-03 14:20:29,760][src.training.self_play][INFO] - Episode 13: Games 65/100, Avg Reward: 3.420, Win Rate: 0.200, Epsilon: 1.000
[2025-10-03 14:20:31,011][src.training.self_play][INFO] - Game 70: timeout in 50 moves
[2025-10-03 14:20:31,012][src.training.self_play][INFO] - Running evaluation against Stockfish...
[2025-10-03 14:20:31,240][src.training.self_play][INFO] - Evaluation - Win: 0.000, Draw: 0.000, Loss: 1.000
[2025-10-03 14:20:31,240][src.training.self_play][INFO] - Episode 14: Games 70/100, Avg Reward: 2.500, Win Rate: 0.000, Epsilon: 1.000
[2025-10-03 14:20:32,601][src.training.self_play][INFO] - Game 75: timeout in 50 moves
[2025-10-03 14:20:32,602][src.training.self_play][INFO] - Episode 15: Games 75/100, Avg Reward: 2.500, Win Rate: 0.000, Epsilon: 1.000
[2025-10-03 14:20:34,206][src.training.self_play][INFO] - Game 80: timeout in 50 moves
[2025-10-03 14:20:34,206][src.training.self_play][INFO] - Running evaluation against Stockfish...
[2025-10-03 14:20:34,373][src.training.self_play][INFO] - Evaluation - Win: 0.000, Draw: 0.000, Loss: 1.000
[2025-10-03 14:20:34,422][src.training.self_play][INFO] - Checkpoint saved: /app/results/baseline_small_20251003_142008/checkpoints/checkpoint_game_80.pt
[2025-10-03 14:20:34,422][src.training.self_play][INFO] - Episode 16: Games 80/100, Avg Reward: 2.500, Win Rate: 0.000, Epsilon: 1.000
[2025-10-03 14:20:35,858][src.training.self_play][INFO] - Game 85: timeout in 50 moves
[2025-10-03 14:20:35,859][src.training.self_play][INFO] - Episode 17: Games 85/100, Avg Reward: 2.500, Win Rate: 0.000, Epsilon: 1.000
[2025-10-03 14:20:37,387][src.training.self_play][INFO] - Game 90: timeout in 50 moves
[2025-10-03 14:20:37,387][src.training.self_play][INFO] - Running evaluation against Stockfish...
[2025-10-03 14:20:37,910][src.training.self_play][INFO] - Evaluation - Win: 0.000, Draw: 0.000, Loss: 1.000
[2025-10-03 14:20:37,910][src.training.self_play][INFO] - Episode 18: Games 90/100, Avg Reward: 2.500, Win Rate: 0.000, Epsilon: 1.000
[2025-10-03 14:20:39,391][src.training.self_play][INFO] - Game 95: timeout in 50 moves
[2025-10-03 14:20:39,392][src.training.self_play][INFO] - Episode 19: Games 95/100, Avg Reward: 2.500, Win Rate: 0.000, Epsilon: 1.000
[2025-10-03 14:20:40,436][src.training.self_play][INFO] - Game 100: timeout in 50 moves
[2025-10-03 14:20:40,437][src.training.self_play][INFO] - Running evaluation against Stockfish...
[2025-10-03 14:20:40,724][src.training.self_play][INFO] - Evaluation - Win: 0.000, Draw: 0.000, Loss: 1.000
[2025-10-03 14:20:40,768][src.training.self_play][INFO] - Checkpoint saved: /app/results/baseline_small_20251003_142008/checkpoints/checkpoint_game_100.pt
[2025-10-03 14:20:40,769][src.training.self_play][INFO] - Episode 20: Games 100/100, Avg Reward: 2.500, Win Rate: 0.000, Epsilon: 1.000
[2025-10-03 14:20:40,820][src.training.self_play][INFO] - Final model saved: /app/results/baseline_small_20251003_142008/final_model.pt
[2025-10-03 14:20:40,821][src.training.self_play][INFO] - Running final evaluation...
[2025-10-03 14:20:45,024][src.training.self_play][INFO] - 🎯 Running comprehensive ELO evaluation...
[2025-10-03 14:20:45,025][src.utils.elo_calculator][INFO] - 🎯 Starting Comprehensive ELO Evaluation
[2025-10-03 14:20:45,025][src.utils.elo_calculator][INFO] - Testing against 6 Stockfish configurations
[2025-10-03 14:20:45,025][src.utils.elo_calculator][INFO] - Games per configuration: 20
[2025-10-03 14:20:45,025][src.utils.elo_calculator][INFO] - Evaluating against Stockfish depth=1, 0.01s - Beginner level
[2025-10-03 14:20:45,025][src.utils.elo_calculator][INFO] - Playing 20 games...
[2025-10-03 14:20:45,578][src.utils.elo_calculator][INFO] -   Games 5/20: W0 D0 L5
[2025-10-03 14:20:46,125][src.utils.elo_calculator][INFO] -   Games 10/20: W0 D0 L10
[2025-10-03 14:20:46,748][src.utils.elo_calculator][INFO] -   Games 15/20: W0 D0 L15
[2025-10-03 14:20:47,398][src.utils.elo_calculator][INFO] -   Games 20/20: W0 D0 L20
[2025-10-03 14:20:47,398][src.utils.elo_calculator][INFO] - Final result vs beginner: W0 D0 L20 (Score: 0.000)
[2025-10-03 14:20:47,398][src.utils.elo_calculator][INFO] - ELO estimate vs beginner (400): 100
[2025-10-03 14:20:47,399][src.utils.elo_calculator][INFO] - Evaluating against Stockfish depth=1, 0.05s - Weak amateur
[2025-10-03 14:20:47,399][src.utils.elo_calculator][INFO] - Playing 20 games...
[2025-10-03 14:20:47,942][src.utils.elo_calculator][INFO] -   Games 5/20: W0 D0 L5
[2025-10-03 14:20:48,448][src.utils.elo_calculator][INFO] -   Games 10/20: W0 D0 L10
[2025-10-03 14:20:49,103][src.utils.elo_calculator][INFO] -   Games 15/20: W0 D0 L15
[2025-10-03 14:20:49,790][src.utils.elo_calculator][INFO] -   Games 20/20: W0 D0 L20
[2025-10-03 14:20:49,790][src.utils.elo_calculator][INFO] - Final result vs weak: W0 D0 L20 (Score: 0.000)
[2025-10-03 14:20:49,790][src.utils.elo_calculator][INFO] - ELO estimate vs weak (600): 100
[2025-10-03 14:20:49,791][src.utils.elo_calculator][INFO] - Evaluating against Stockfish depth=1, 0.1s - Amateur
[2025-10-03 14:20:49,791][src.utils.elo_calculator][INFO] - Playing 20 games...
[2025-10-03 14:20:50,555][src.utils.elo_calculator][INFO] -   Games 5/20: W0 D0 L5
[2025-10-03 14:20:51,278][src.utils.elo_calculator][INFO] -   Games 10/20: W0 D0 L10
[2025-10-03 14:20:52,098][src.utils.elo_calculator][INFO] -   Games 15/20: W0 D0 L15
[2025-10-03 14:20:52,914][src.utils.elo_calculator][INFO] -   Games 20/20: W0 D0 L20
[2025-10-03 14:20:52,914][src.utils.elo_calculator][INFO] - Final result vs amateur: W0 D0 L20 (Score: 0.000)
[2025-10-03 14:20:52,914][src.utils.elo_calculator][INFO] - ELO estimate vs amateur (800): 100
[2025-10-03 14:20:52,915][src.utils.elo_calculator][INFO] - Evaluating against Stockfish depth=1, 0.2s - Club player
[2025-10-03 14:20:52,915][src.utils.elo_calculator][INFO] - Playing 20 games...
[2025-10-03 14:20:53,497][src.utils.elo_calculator][INFO] -   Games 5/20: W0 D0 L5
[2025-10-03 14:20:54,223][src.utils.elo_calculator][INFO] -   Games 10/20: W0 D0 L10
[2025-10-03 14:20:54,815][src.utils.elo_calculator][INFO] -   Games 15/20: W0 D0 L15
[2025-10-03 14:20:55,412][src.utils.elo_calculator][INFO] -   Games 20/20: W0 D0 L20
[2025-10-03 14:20:55,412][src.utils.elo_calculator][INFO] - Final result vs club: W0 D0 L20 (Score: 0.000)
[2025-10-03 14:20:55,413][src.utils.elo_calculator][INFO] - ELO estimate vs club (1000): 200
[2025-10-03 14:20:55,413][src.utils.elo_calculator][INFO] - Evaluating against Stockfish depth=2, 0.1s - Intermediate
[2025-10-03 14:20:55,413][src.utils.elo_calculator][INFO] - Playing 20 games...
[2025-10-03 14:20:56,047][src.utils.elo_calculator][INFO] -   Games 5/20: W0 D0 L5
[2025-10-03 14:20:56,871][src.utils.elo_calculator][INFO] -   Games 10/20: W0 D0 L10
[2025-10-03 14:20:57,571][src.utils.elo_calculator][INFO] -   Games 15/20: W0 D0 L15
[2025-10-03 14:20:58,076][src.utils.elo_calculator][INFO] -   Games 20/20: W0 D0 L20
[2025-10-03 14:20:58,077][src.utils.elo_calculator][INFO] - Final result vs intermediate: W0 D0 L20 (Score: 0.000)
[2025-10-03 14:20:58,077][src.utils.elo_calculator][INFO] - ELO estimate vs intermediate (1200): 400
[2025-10-03 14:20:58,077][src.utils.elo_calculator][INFO] - Evaluating against Stockfish depth=2, 0.2s - Advanced
[2025-10-03 14:20:58,077][src.utils.elo_calculator][INFO] - Playing 20 games...
[2025-10-03 14:20:58,673][src.utils.elo_calculator][INFO] -   Games 5/20: W0 D0 L5
[2025-10-03 14:20:59,298][src.utils.elo_calculator][INFO] -   Games 10/20: W0 D0 L10
[2025-10-03 14:20:59,793][src.utils.elo_calculator][INFO] -   Games 15/20: W0 D0 L15
[2025-10-03 14:21:00,301][src.utils.elo_calculator][INFO] -   Games 20/20: W0 D0 L20
[2025-10-03 14:21:00,301][src.utils.elo_calculator][INFO] - Final result vs advanced: W0 D0 L20 (Score: 0.000)
[2025-10-03 14:21:00,301][src.utils.elo_calculator][INFO] - ELO estimate vs advanced (1400): 600
[2025-10-03 14:21:00,304][src.utils.elo_calculator][INFO] - 🎉 ELO Evaluation Complete!
[2025-10-03 14:21:00,304][src.utils.elo_calculator][INFO] - 📊 Estimated ELO: 250 (95% CI: -121-621)
[2025-10-03 14:21:00,304][src.utils.elo_calculator][INFO] - 📈 Overall Score: 0.000 (120 games)
[2025-10-03 14:21:00,306][src.utils.elo_calculator][INFO] - 💾 Evaluation results saved to /app/results/baseline_small_20251003_142008/elo_evaluation.json
[2025-10-03 14:21:00,306][src.training.self_play][INFO] - 🏆 Final ELO Rating: 250 (95% CI: -121-621)
[2025-10-03 14:21:00,306][src.training.self_play][INFO] - Final Evaluation - Win: 0.000, Draw: 0.000, Loss: 1.000
[2025-10-03 14:21:00,308][__main__][INFO] - ✅ Training phase completed!
[2025-10-03 14:21:00,308][__main__][INFO] - 💾 Starting file saving phase...
[2025-10-03 14:21:00,309][__main__][INFO] - ✅ Training history saved to: /app/results/baseline_small_20251003_142008/training_history.json
[2025-10-03 14:21:00,309][__main__][INFO] - ✅ Final model confirmed at: /app/results/baseline_small_20251003_142008/final_model.pt
[2025-10-03 14:21:00,309][__main__][INFO] - 🎯 Starting final evaluation phase...
[2025-10-03 14:21:43,431][__main__][INFO] - 🏆 Final Results:
[2025-10-03 14:21:43,436][__main__][INFO] -   Win Rate: 2.0%
[2025-10-03 14:21:43,436][__main__][INFO] -   Draw Rate: 84.0%
[2025-10-03 14:21:43,436][__main__][INFO] -   Loss Rate: 14.0%
[2025-10-03 14:21:43,436][__main__][INFO] - 🎮 Generating sample games...
[2025-10-03 14:21:43,458][src.utils.game_generator][INFO] - Generating 10 sample games...
[2025-10-03 14:21:43,459][src.utils.game_generator][INFO] - Playing game 1/10
[2025-10-03 14:21:43,645][src.utils.game_generator][INFO] - Playing game 2/10
[2025-10-03 14:21:43,802][src.utils.game_generator][INFO] - Playing game 3/10
[2025-10-03 14:21:43,927][src.utils.game_generator][INFO] - Playing game 4/10
[2025-10-03 14:21:44,066][src.utils.game_generator][INFO] - Playing game 5/10
[2025-10-03 14:21:44,236][src.utils.game_generator][INFO] - Playing game 6/10
[2025-10-03 14:21:44,393][src.utils.game_generator][INFO] - Playing game 7/10
[2025-10-03 14:21:44,571][src.utils.game_generator][INFO] - Playing game 8/10
[2025-10-03 14:21:44,787][src.utils.game_generator][INFO] - Playing game 9/10
[2025-10-03 14:21:44,932][src.utils.game_generator][INFO] - Playing game 10/10
[2025-10-03 14:21:45,119][src.utils.game_generator][ERROR] - Failed to save games summary: 'avg_agent_time'
[2025-10-03 14:21:45,119][src.utils.game_generator][INFO] - Generated 10 sample games successfully
[2025-10-03 14:21:45,119][__main__][INFO] - ✅ Generated 10 sample games in: /app/results/baseline_small_20251003_142008/sample_games
[2025-10-03 14:21:45,120][__main__][INFO] - 📊 Sample Games Summary:
[2025-10-03 14:21:45,120][__main__][INFO] -   Average moves per game: 49.6
[2025-10-03 14:21:45,120][__main__][INFO] -   1/2-1/2: 9 games
[2025-10-03 14:21:45,120][__main__][INFO] -   0-1: 1 games
[2025-10-03 14:21:45,120][__main__][INFO] - 🎉 All phases completed successfully!
