[2025-10-03 12:22:36,447][__main__][INFO] - Using CPU
[2025-10-03 12:22:36,447][__main__][INFO] - Training Configuration:
[2025-10-03 12:22:36,449][__main__][INFO] - model:
  name: small
  conv_channels:
  - 32
  - 64
  - 128
  hidden_size: 256
  dropout: 0.1
  activation: relu
training:
  name: quick
  max_moves: 50
  game_timeout: 10.0
  games_per_episode: 5
  training_frequency: 2
  target_update_frequency: 20
  eval_frequency: 10
  eval_games: 3
  stockfish_depth: 1
  stockfish_time: 0.05
  log_frequency: 5
  checkpoint_frequency: 20
exploration:
  name: balanced
  strategy_type: linear
  epsilon_start: 1.0
  epsilon_end: 0.05
  epsilon_decay_steps: 1000000
  decay_type: linear
agent:
  name: small
  buffer_size: 1000
  min_buffer_size: 100
  batch_size: 32
  learning_rate: 0.0001
  gamma: 0.99
  tau: 0.005
  replay_type: standard
experiment:
  name: baseline_small
  description: Baseline CNN-DQN with small model for quick testing
  total_games: 1
seed: 42
device: auto
debug: false
verbose: true
paths:
  results_dir: results
  checkpoints_dir: checkpoints
  logs_dir: logs
  data_dir: data

[2025-10-03 12:22:36,450][__main__][INFO] - Initializing DQN Agent...
[2025-10-03 12:22:37,366][__main__][INFO] - Agent initialized with 2862593 parameters
[2025-10-03 12:22:37,366][__main__][INFO] - Initializing Self-Play Trainer...
[2025-10-03 12:22:37,369][__main__][INFO] - Using CPU
[2025-10-03 12:22:37,374][__main__][INFO] - Experiment configuration saved to /app/results/baseline_small_20251003_122236/experiment_config.yaml
[2025-10-03 12:22:37,375][__main__][INFO] - Starting training: Baseline CNN-DQN with small model for quick testing
[2025-10-03 12:22:37,375][__main__][INFO] - Total games: 1
[2025-10-03 12:22:37,375][__main__][INFO] - Results directory: /app/results/baseline_small_20251003_122236
[2025-10-03 12:22:37,375][src.training.self_play][INFO] - Starting training for 1 games
[2025-10-03 12:22:37,747][src.training.self_play][INFO] - Episode 1: Games 1/1, Avg Reward: 0.500, Win Rate: 0.000, Epsilon: 1.000
[2025-10-03 12:22:37,748][src.training.self_play][INFO] - Running final evaluation...
[2025-10-03 12:22:43,568][src.training.self_play][INFO] - Final Evaluation - Win: 0.000, Draw: 0.000, Loss: 1.000
[2025-10-03 12:22:43,578][__main__][INFO] - Training completed successfully!
[2025-10-03 12:22:43,578][__main__][INFO] - Running final evaluation...
[2025-10-03 12:23:55,867][__main__][INFO] - Final Results:
[2025-10-03 12:23:55,871][__main__][INFO] -   Win Rate: 4.0%
[2025-10-03 12:23:55,871][__main__][INFO] -   Draw Rate: 88.0%
[2025-10-03 12:23:55,871][__main__][INFO] -   Loss Rate: 8.0%
